Requirement already up-to-date: numpy in /nfs/home6/sdemo133/.local/lib/python3.5/site-packages
validation accuracy 0.0
validation words    0.0
training accuracy 0.0
training words    0.0
validation accuracy 0.0
validation words    0.0
training accuracy 0.0
training words    0.0
validation accuracy 0.0
validation words    0.0
training accuracy 0.0
training words    0.0
validation accuracy 0.0
validation words    0.0
training accuracy 0.0185185185185
training words    0.037037037037
validation accuracy 0.0
validation words    0.0
training accuracy 0.125
training words    0.125
validation accuracy 0.0
validation words    0.0
training accuracy 0.0
training words    0.0
validation accuracy 0.0
validation words    0.0
training accuracy 0.0
training words    0.0
validation accuracy 0.0
validation words    0.0
training accuracy 0.0416666666667
training words    0.0833333333333
validation accuracy 0.0
validation words    0.00176991150442
training accuracy 0.0
training words    0.0
validation accuracy 0.0
validation words    0.0
training accuracy 0.0106951871658
training words    0.0213903743316
validation accuracy 0.0
validation words    0.00176991150442
training accuracy 0.25
training words    0.5
validation accuracy 0.0
validation words    0.00176991150442
training accuracy 0.0
training words    0.0
validation accuracy 0.0
validation words    0.00176991150442
training accuracy 0.0
training words    0.0
validation accuracy 0.00176991150442
validation words    0.00176991150442
training accuracy 0.0
training words    0.0
validation accuracy 0.00176991150442
validation words    0.00176991150442
training accuracy 0.0384615384615
training words    0.115384615385
validation accuracy 0.0
validation words    0.0
training accuracy 0.0
training words    0.0
validation accuracy 0.0
validation words    0.0
training accuracy 0.0833333333333
training words    0.166666666667
validation accuracy 0.0
validation words    0.0
training accuracy 0.0
training words    0.0
validation accuracy 0.00176991150442
validation words    0.00176991150442
training accuracy 0.0
training words    0.0
validation accuracy 0.00176991150442
validation words    0.109734513274
training accuracy 0.2
training words    0.4
validation accuracy 0.111504424779
validation words    0.115044247788
training accuracy 0.181818181818
training words    0.181818181818
validation accuracy 0.116814159292
validation words    0.143362831858
training accuracy 0.0
training words    0.0
validation accuracy 0.116814159292
validation words    0.143362831858
training accuracy 1.0
training words    1.0
validation accuracy 0.0070796460177
validation words    0.141592920354
training accuracy 0.05
training words    0.05
validation accuracy 0.0247787610619
validation words    0.159292035398
training accuracy 0.0
training words    0.0
validation accuracy 0.0725663716814
validation words    0.0991150442478
training accuracy 0.238095238095
training words    0.238095238095
validation accuracy 0.070796460177
validation words    0.0973451327434
training accuracy 0.0
training words    0.0
validation accuracy 0.070796460177
validation words    0.0973451327434
training accuracy 0.2
training words    0.2
validation accuracy 0.070796460177
validation words    0.0973451327434
training accuracy 0.0
training words    0.0
validation accuracy 0.130973451327
validation words    0.157522123894
training accuracy 0.444444444444
training words    0.444444444444
validation accuracy 0.18407079646
validation words    0.221238938053
training accuracy 0.123287671233
training words    0.178082191781
validation accuracy 0.0548672566372
validation words    0.223008849558
training accuracy 0.0
training words    0.0625
validation accuracy 0.0194690265487
validation words    0.152212389381
training accuracy 0.0
training words    0.0
validation accuracy 0.185840707965
validation words    0.224778761062
training accuracy 0.25
training words    0.25
validation accuracy 0.100884955752
validation words    0.162831858407
training accuracy 0.25
training words    0.25
validation accuracy 0.100884955752
validation words    0.162831858407
training accuracy 0.0
training words    0.0
validation accuracy 0.161061946903
validation words    0.223008849558
training accuracy 0.3
training words    0.3
validation accuracy 0.161061946903
validation words    0.223008849558
training accuracy 0.0
training words    0.0
validation accuracy 0.210619469027
validation words    0.224778761062
training accuracy 0.5
training words    0.5
validation accuracy 0.210619469027
validation words    0.224778761062
training accuracy 0.2
training words    0.2
validation accuracy 0.150442477876
validation words    0.164601769912
training accuracy 0.285714285714
training words    0.285714285714
validation accuracy 0.159292035398
validation words    0.187610619469
training accuracy 0.333333333333
training words    0.333333333333
validation accuracy 0.198230088496
validation words    0.237168141593
training accuracy 0.111111111111
training words    0.222222222222
validation accuracy 0.178761061947
validation words    0.230088495575
training accuracy 0.5
training words    0.5
validation accuracy 0.203539823009
validation words    0.253097345133
training accuracy 0.0
training words    0.0
validation accuracy 0.192920353982
validation words    0.230088495575
training accuracy 0.0
training words    0.0
validation accuracy 0.201769911504
validation words    0.237168141593
training accuracy 0.25
training words    0.25
validation accuracy 0.136283185841
validation words    0.201769911504
training accuracy 0.19298245614
training words    0.377192982456
validation accuracy 0.191150442478
validation words    0.246017699115
training accuracy 0.75
training words    0.75
validation accuracy 0.194690265487
validation words    0.249557522124
training accuracy 0.25
training words    0.375
validation accuracy 0.129203539823
validation words    0.198230088496
training accuracy 0.666666666667
training words    0.666666666667
validation accuracy 0.2
validation words    0.249557522124
training accuracy 0.535714285714
training words    0.535714285714
validation accuracy 0.13982300885
validation words    0.201769911504
training accuracy 0.148148148148
training words    0.166666666667
validation accuracy 0.150442477876
validation words    0.228318584071
training accuracy 0.333333333333
training words    0.333333333333
validation accuracy 0.164601769912
validation words    0.228318584071
training accuracy 0.166666666667
training words    0.25
validation accuracy 0.166371681416
validation words    0.228318584071
training accuracy 0.333333333333
training words    0.333333333333
validation accuracy 0.155752212389
validation words    0.217699115044
training accuracy 0.0
training words    0.0
validation accuracy 0.166371681416
validation words    0.228318584071
training accuracy 0.0
training words    0.333333333333
validation accuracy 0.166371681416
validation words    0.214159292035
training accuracy 0.5
training words    0.5
validation accuracy 0.185840707965
validation words    0.230088495575
training accuracy 0.137931034483
training words    0.155172413793
validation accuracy 0.178761061947
validation words    0.208849557522
training accuracy 0.117647058824
training words    0.176470588235
validation accuracy 0.178761061947
validation words    0.208849557522
training accuracy 0.0
training words    0.0
validation accuracy 0.164601769912
validation words    0.21592920354
training accuracy 0.428571428571
training words    0.571428571429
validation accuracy 0.203539823009
validation words    0.258407079646
training accuracy 0.0
training words    0.0
validation accuracy 0.221238938053
validation words    0.27610619469
training accuracy 0.0
training words    0.0
validation accuracy 0.169911504425
validation words    0.23185840708
training accuracy 0.25
training words    0.25
validation accuracy 0.150442477876
validation words    0.23185840708
training accuracy 0.0
training words    0.0
validation accuracy 0.13982300885
validation words    0.221238938053
training accuracy 0.333333333333
training words    0.333333333333
validation accuracy 0.152212389381
validation words    0.233628318584
training accuracy 0.333333333333
training words    0.333333333333
validation accuracy 0.138053097345
validation words    0.205309734513
training accuracy 0.333333333333
training words    0.333333333333
validation accuracy 0.13982300885
validation words    0.207079646018
training accuracy 0.0
training words    0.333333333333
validation accuracy 0.130973451327
validation words    0.198230088496
training accuracy 0.105263157895
training words    0.473684210526
validation accuracy 0.164601769912
validation words    0.214159292035
training accuracy 0.157894736842
training words    0.294736842105
validation accuracy 0.164601769912
validation words    0.214159292035
training accuracy 0.0
training words    0.0
validation accuracy 0.161061946903
validation words    0.210619469027
training accuracy 0.0893854748603
training words    0.134078212291
validation accuracy 0.164601769912
validation words    0.214159292035
training accuracy 0.333333333333
training words    0.333333333333
validation accuracy 0.161061946903
validation words    0.210619469027
training accuracy 0.375
training words    0.5
validation accuracy 0.175221238938
validation words    0.223008849558
training accuracy 0.142857142857
training words    0.166666666667
validation accuracy 0.176991150442
validation words    0.226548672566
training accuracy 0.2
training words    0.2
validation accuracy 0.166371681416
validation words    0.226548672566
training accuracy 0.125
training words    0.1875
validation accuracy 0.148672566372
validation words    0.223008849558
training accuracy 0.333333333333
training words    0.333333333333
validation accuracy 0.166371681416
validation words    0.226548672566
training accuracy 0.333333333333
training words    0.333333333333
validation accuracy 0.180530973451
validation words    0.230088495575
training accuracy 0.5
training words    0.5
validation accuracy 0.169911504425
validation words    0.230088495575
training accuracy 0.379310344828
training words    0.413793103448
validation accuracy 0.16814159292
validation words    0.228318584071
training accuracy 0.25
training words    0.25
validation accuracy 0.162831858407
validation words    0.223008849558
training accuracy 0.583333333333
training words    0.583333333333
validation accuracy 0.166371681416
validation words    0.226548672566
training accuracy 0.0
training words    0.0
validation accuracy 0.143362831858
validation words    0.208849557522
training accuracy 0.340425531915
training words    0.340425531915
validation accuracy 0.16814159292
validation words    0.228318584071
training accuracy 0.333333333333
training words    0.333333333333
validation accuracy 0.226548672566
validation words    0.288495575221
training accuracy 0.333333333333
training words    0.333333333333
validation accuracy 0.166371681416
validation words    0.228318584071
training accuracy 0.333333333333
training words    0.333333333333
validation accuracy 0.173451327434
validation words    0.235398230088
training accuracy 0.166666666667
training words    0.166666666667
validation accuracy 0.0654867256637
validation words    0.127433628319
training accuracy 0.181818181818
training words    0.181818181818
validation accuracy 0.0814159292035
validation words    0.143362831858
training accuracy 0.078125
training words    0.078125
validation accuracy 0.0991150442478
validation words    0.161061946903
training accuracy 0.0233644859813
training words    0.0467289719626
validation accuracy 0.207079646018
validation words    0.269026548673
training accuracy 0.25
training words    0.25
validation accuracy 0.0955752212389
validation words    0.161061946903
training accuracy 0.2
training words    0.4
validation accuracy 0.0778761061947
validation words    0.143362831858
training accuracy 0.2
training words    0.2
validation accuracy 0.187610619469
validation words    0.238938053097
training accuracy 0.5
training words    0.5
validation accuracy 0.185840707965
validation words    0.238938053097
training accuracy 0.2
training words    0.2
validation accuracy 0.2
validation words    0.246017699115
training accuracy 0.166666666667
training words    0.166666666667
validation accuracy 0.176991150442
validation words    0.246017699115
training accuracy 0.147286821705
training words    0.248062015504
validation accuracy 0.175221238938
validation words    0.246017699115
training accuracy 0.0952380952381
training words    0.190476190476
validation accuracy 0.191150442478
validation words    0.238938053097
training accuracy 0.363636363636
training words    0.363636363636
validation accuracy 0.18407079646
validation words    0.238938053097
training accuracy 0.0
training words    0.0
validation accuracy 0.185840707965
validation words    0.238938053097
training accuracy 0.0
training words    0.0
validation accuracy 0.228318584071
validation words    0.295575221239
training accuracy 0.5
training words    0.5
validation accuracy 0.192920353982
validation words    0.272566371681
training accuracy 0.0
training words    0.0
validation accuracy 0.207079646018
validation words    0.26017699115
training accuracy 0.0
training words    0.333333333333
validation accuracy 0.230088495575
validation words    0.283185840708
training accuracy 0.0
training words    0.333333333333
validation accuracy 0.205309734513
validation words    0.26017699115
training accuracy 0.0
training words    0.0
validation accuracy 0.194690265487
validation words    0.258407079646
training accuracy 0.25
training words    0.5
validation accuracy 0.2
validation words    0.261946902655
training accuracy 0.166666666667
training words    0.166666666667
validation accuracy 0.173451327434
validation words    0.238938053097
training accuracy 0.263157894737
training words    0.315789473684
validation accuracy 0.16814159292
validation words    0.240707964602
training accuracy 0.1875
training words    0.1875
validation accuracy 0.224778761062
validation words    0.261946902655
training accuracy 0.166666666667
training words    0.166666666667
validation accuracy 0.196460176991
validation words    0.237168141593
training accuracy 0.125
training words    0.25
validation accuracy 0.178761061947
validation words    0.237168141593
training accuracy 0.333333333333
training words    0.5
validation accuracy 0.157522123894
validation words    0.214159292035
training accuracy 0.0
training words    0.0
validation accuracy 0.0637168141593
validation words    0.106194690265
training accuracy 0.75
training words    0.75
validation accuracy 0.169911504425
validation words    0.203539823009
training accuracy 0.111111111111
training words    0.142857142857
validation accuracy 0.152212389381
validation words    0.187610619469
training accuracy 0.5
training words    0.5
validation accuracy 0.0601769911504
validation words    0.0938053097345
training accuracy 0.166666666667
training words    0.166666666667
validation accuracy 0.0849557522124
validation words    0.118584070796
training accuracy 0.333333333333
training words    0.333333333333
validation accuracy 0.106194690265
validation words    0.134513274336
training accuracy 0.142857142857
training words    0.142857142857
validation accuracy 0.141592920354
validation words    0.141592920354
training accuracy 0.0
training words    0.1
validation accuracy 0.12389380531
validation words    0.162831858407
training accuracy 0.25
training words    0.25
validation accuracy 0.0884955752212
validation words    0.127433628319
training accuracy 0.159420289855
training words    0.173913043478
validation accuracy 0.0884955752212
validation words    0.127433628319
training accuracy 0.111111111111
training words    0.111111111111
validation accuracy 0.0867256637168
validation words    0.125663716814
training accuracy 0.333333333333
training words    0.333333333333
validation accuracy 0.270796460177
validation words    0.270796460177
training accuracy 0.0
training words    0.333333333333
validation accuracy 0.100884955752
validation words    0.111504424779
training accuracy 0.0
training words    0.0
validation accuracy 0.201769911504
validation words    0.219469026549
training accuracy 0.147058823529
training words    0.176470588235
validation accuracy 0.083185840708
validation words    0.12389380531
training accuracy 0.3125
training words    0.3125
validation accuracy 0.23185840708
validation words    0.23185840708
training accuracy 0.1328125
training words    0.140625
validation accuracy 0.21592920354
validation words    0.233628318584
training accuracy 0.564102564103
training words    0.717948717949
validation accuracy 0.223008849558
validation words    0.233628318584
training accuracy 0.0
training words    0.0
validation accuracy 0.127433628319
validation words    0.134513274336
training accuracy 0.222222222222
training words    0.222222222222
validation accuracy 0.235398230088
validation words    0.246017699115
training accuracy 0.116279069767
training words    0.279069767442
validation accuracy 0.134513274336
validation words    0.134513274336
training accuracy 0.5
training words    0.5
validation accuracy 0.223008849558
validation words    0.230088495575
training accuracy 0.0
training words    0.25
validation accuracy 0.240707964602
validation words    0.242477876106
training accuracy 0.333333333333
training words    0.666666666667
validation accuracy 0.233628318584
validation words    0.233628318584
training accuracy 0.666666666667
training words    0.666666666667
validation accuracy 0.23185840708
validation words    0.23185840708
training accuracy 0.203703703704
training words    0.203703703704
validation accuracy 0.235398230088
validation words    0.235398230088
training accuracy 0.5
training words    0.5
validation accuracy 0.113274336283
validation words    0.12389380531
training accuracy 0.25
training words    0.25
validation accuracy 0.12389380531
validation words    0.12389380531
training accuracy 0.0
training words    0.2
validation accuracy 0.159292035398
validation words    0.159292035398
training accuracy 0.25
training words    0.25
validation accuracy 0.155752212389
validation words    0.155752212389
training accuracy 0.555555555556
training words    0.555555555556
validation accuracy 0.146902654867
validation words    0.155752212389
training accuracy 1.0
training words    1.0
validation accuracy 0.155752212389
validation words    0.155752212389
training accuracy 0.2
training words    0.266666666667
validation accuracy 0.122123893805
validation words    0.122123893805
training accuracy 0.333333333333
training words    0.333333333333
validation accuracy 0.122123893805
validation words    0.122123893805
training accuracy 1.0
training words    1.0
validation accuracy 0.157522123894
validation words    0.157522123894
training accuracy 0.333333333333
training words    0.333333333333
validation accuracy 0.122123893805
validation words    0.122123893805
training accuracy 0.173913043478
training words    0.173913043478
validation accuracy 0.230088495575
validation words    0.242477876106
training accuracy 0.25
training words    0.25
validation accuracy 0.230088495575
validation words    0.242477876106
training accuracy 0.25
training words    0.25
validation accuracy 0.228318584071
validation words    0.240707964602
training accuracy 0.24
training words    0.24
validation accuracy 0.166371681416
validation words    0.178761061947
training accuracy 0.741935483871
training words    0.741935483871
validation accuracy 0.166371681416
validation words    0.178761061947
training accuracy 0.0
training words    0.0
validation accuracy 0.161061946903
validation words    0.180530973451
training accuracy 0.0
training words    0.0
validation accuracy 0.187610619469
validation words    0.201769911504
training accuracy 0.166666666667
training words    0.166666666667
validation accuracy 0.176991150442
validation words    0.196460176991
training accuracy 0.25
training words    0.375
validation accuracy 0.169911504425
validation words    0.182300884956
training accuracy 0.5
training words    0.5
validation accuracy 0.18407079646
validation words    0.198230088496
training accuracy 0.166666666667
training words    0.166666666667
validation accuracy 0.122123893805
validation words    0.134513274336
training accuracy 0.107142857143
training words    0.160714285714
validation accuracy 0.230088495575
validation words    0.230088495575
training accuracy 0.333333333333
training words    0.5
validation accuracy 0.230088495575
validation words    0.230088495575
training accuracy 0.285714285714
training words    0.285714285714
validation accuracy 0.120353982301
validation words    0.120353982301
training accuracy 0.2
training words    0.2
validation accuracy 0.16814159292
validation words    0.180530973451
training accuracy 0.0
training words    0.2
validation accuracy 0.120353982301
validation words    0.120353982301
training accuracy 0.333333333333
training words    0.333333333333
validation accuracy 0.102654867257
validation words    0.132743362832
training accuracy 0.248062015504
training words    0.255813953488
validation accuracy 0.129203539823
validation words    0.146902654867
training accuracy 0.2
training words    0.2
validation accuracy 0.180530973451
validation words    0.198230088496
training accuracy 0.181818181818
training words    0.181818181818
validation accuracy 0.166371681416
validation words    0.18407079646
training accuracy 0.2
training words    0.2
validation accuracy 0.219469026549
validation words    0.23185840708
training accuracy 0.310810810811
training words    0.391891891892
validation accuracy 0.152212389381
validation words    0.187610619469
training accuracy 0.0416666666667
training words    0.0416666666667
validation accuracy 0.152212389381
validation words    0.187610619469
training accuracy 0.25
training words    0.25
validation accuracy 0.18407079646
validation words    0.26017699115
training accuracy 0.333333333333
training words    0.333333333333
validation accuracy 0.23185840708
validation words    0.244247787611
training accuracy 0.0
training words    0.0
validation accuracy 0.228318584071
validation words    0.240707964602
training accuracy 0.111111111111
training words    0.111111111111
validation accuracy 0.228318584071
validation words    0.240707964602
training accuracy 0.5625
training words    0.5625
validation accuracy 0.265486725664
validation words    0.277876106195
training accuracy 0.166666666667
training words    0.166666666667
validation accuracy 0.201769911504
validation words    0.23185840708
training accuracy 0.333333333333
training words    0.333333333333
validation accuracy 0.18407079646
validation words    0.23185840708
training accuracy 0.214285714286
training words    0.214285714286
validation accuracy 0.182300884956
validation words    0.230088495575
training accuracy 0.5
training words    0.5
validation accuracy 0.263716814159
validation words    0.295575221239
training accuracy 1.0
training words    1.0
validation accuracy 0.258407079646
validation words    0.295575221239
training accuracy 0.192307692308
training words    0.269230769231
validation accuracy 0.224778761062
validation words    0.290265486726
training accuracy 0.5
training words    0.5
validation accuracy 0.26017699115
validation words    0.290265486726
training accuracy 0.75
training words    0.75
validation accuracy 0.201769911504
validation words    0.233628318584
training accuracy 0.166666666667
training words    0.166666666667
validation accuracy 0.207079646018
validation words    0.238938053097
training accuracy 1.0
training words    1.0
validation accuracy 0.152212389381
validation words    0.185840707965
training accuracy 0.0
training words    0.0
validation accuracy 0.194690265487
validation words    0.208849557522
training accuracy 0.4
training words    0.6
validation accuracy 0.201769911504
validation words    0.23185840708
training accuracy 0.25
training words    0.25
validation accuracy 0.263716814159
validation words    0.293805309735
training accuracy 0.137096774194
training words    0.137096774194
validation accuracy 0.258407079646
validation words    0.277876106195
training accuracy 0.166666666667
training words    0.166666666667
validation accuracy 0.205309734513
validation words    0.235398230088
training accuracy 0.0
training words    0.0
validation accuracy 0.189380530973
validation words    0.237168141593
training accuracy 0.0
training words    0.25
validation accuracy 0.230088495575
validation words    0.26017699115
training accuracy 0.583333333333
training words    0.583333333333
validation accuracy 0.263716814159
validation words    0.281415929204
training accuracy 0.189189189189
training words    0.216216216216
validation accuracy 0.23185840708
validation words    0.26017699115
training accuracy 0.0
training words    0.0
validation accuracy 0.228318584071
validation words    0.238938053097
training accuracy 0.333333333333
training words    0.333333333333
validation accuracy 0.210619469027
validation words    0.238938053097
training accuracy 0.210526315789
training words    0.210526315789
validation accuracy 0.198230088496
validation words    0.210619469027
training accuracy 0.333333333333
training words    0.333333333333
validation accuracy 0.162831858407
validation words    0.210619469027
training accuracy 0.1
training words    0.1
validation accuracy 0.230088495575
validation words    0.258407079646
training accuracy 0.2
training words    0.2
validation accuracy 0.261946902655
validation words    0.279646017699
training accuracy 0.2
training words    0.6
