Requirement already up-to-date: numpy in /nfs/home6/sdemo133/.local/lib/python3.5/site-packages
validation accuracy 0.0
validation words    0.0
training accuracy 0.0
training words    0.0
validation accuracy 0.070796460177
validation words    0.178761061947
training accuracy 0.0
training words    0.0
validation accuracy 0.0407079646018
validation words    0.046017699115
training accuracy 0.25
training words    0.25
validation accuracy 0.0230088495575
validation words    0.0371681415929
training accuracy 0.0
training words    0.214285714286
validation accuracy 0.258407079646
validation words    0.297345132743
training accuracy 0.333333333333
training words    0.333333333333
validation accuracy 0.180530973451
validation words    0.201769911504
training accuracy 0.125
training words    0.125
validation accuracy 0.272566371681
validation words    0.290265486726
training accuracy 0.666666666667
training words    0.666666666667
validation accuracy 0.196460176991
validation words    0.217699115044
training accuracy 0.25
training words    0.25
validation accuracy 0.29203539823
validation words    0.359292035398
training accuracy 0.25
training words    0.25
validation accuracy 0.238938053097
validation words    0.27610619469
training accuracy 0.5
training words    1.0
validation accuracy 0.198230088496
validation words    0.283185840708
training accuracy 0.125
training words    0.232142857143
validation accuracy 0.274336283186
validation words    0.316814159292
training accuracy 0.333333333333
training words    0.333333333333
validation accuracy 0.290265486726
validation words    0.325663716814
training accuracy 0.25641025641
training words    0.307692307692
validation accuracy 0.233628318584
validation words    0.238938053097
training accuracy 0.2
training words    0.2
validation accuracy 0.173451327434
validation words    0.198230088496
training accuracy 0.1875
training words    0.1875
validation accuracy 0.253097345133
validation words    0.254867256637
training accuracy 0.0
training words    0.0
validation accuracy 0.175221238938
validation words    0.175221238938
training accuracy 0.0
training words    0.2
validation accuracy 0.272566371681
validation words    0.293805309735
training accuracy 0.212121212121
training words    0.227272727273
validation accuracy 0.254867256637
validation words    0.33982300885
training accuracy 0.4
training words    0.4
validation accuracy 0.191150442478
validation words    0.242477876106
training accuracy 0.0
training words    0.0
validation accuracy 0.237168141593
validation words    0.33982300885
training accuracy 0.0
training words    0.3125
validation accuracy 0.295575221239
validation words    0.299115044248
training accuracy 0.0555555555556
training words    0.0555555555556
validation accuracy 0.192920353982
validation words    0.192920353982
training accuracy 0.25
training words    0.25
validation accuracy 0.284955752212
validation words    0.284955752212
training accuracy 0.5
training words    0.5
validation accuracy 0.286725663717
validation words    0.288495575221
training accuracy 0.111111111111
training words    0.111111111111
validation accuracy 0.293805309735
validation words    0.306194690265
training accuracy 0.0833333333333
training words    0.0833333333333
validation accuracy 0.286725663717
validation words    0.286725663717
training accuracy 1.0
training words    1.0
validation accuracy 0.4
validation words    0.403539823009
training accuracy 0.0
training words    0.0
validation accuracy 0.336283185841
validation words    0.33982300885
training accuracy 0.125
training words    0.208333333333
