DEBUG:root:[2017-12-19 21:52] Train Step 0001/3751848, Batch Size = 60, Examples/Sec = 18.76, Loss = 428.38
DEBUG:root:565
DEBUG:root:validation_accuracy 0.0
DEBUG:root:validation_words    0.0
DEBUG:root:2
DEBUG:root:training_accuracy 0.0
DEBUG:root:training_words    0.0
DEBUG:root:[2017-12-19 21:54] Train Step 0101/3751848, Batch Size = 60, Examples/Sec = 143.10, Loss = 7.23
DEBUG:root:565
DEBUG:root:validation_accuracy 0.111504424779
DEBUG:root:validation_words    0.113274336283
DEBUG:root:3
DEBUG:root:training_accuracy 0.666666666667
DEBUG:root:training_words    0.666666666667
DEBUG:root:[2017-12-19 21:55] Train Step 0201/3751848, Batch Size = 60, Examples/Sec = 83.05, Loss = 2210.09
DEBUG:root:565
DEBUG:root:validation_accuracy 0.161061946903
DEBUG:root:validation_words    0.176991150442
DEBUG:root:11
DEBUG:root:training_accuracy 0.272727272727
DEBUG:root:training_words    0.272727272727
DEBUG:root:[2017-12-19 21:56] Train Step 0301/3751848, Batch Size = 60, Examples/Sec = 77.00, Loss = 1268.08
DEBUG:root:565
DEBUG:root:validation_accuracy 0.212389380531
DEBUG:root:validation_words    0.214159292035
DEBUG:root:19
DEBUG:root:training_accuracy 0.157894736842
DEBUG:root:training_words    0.210526315789
DEBUG:root:[2017-12-19 21:58] Train Step 0401/3751848, Batch Size = 60, Examples/Sec = 83.06, Loss = 1886.40
DEBUG:root:565
DEBUG:root:validation_accuracy 0.217699115044
DEBUG:root:validation_words    0.219469026549
DEBUG:root:15
DEBUG:root:training_accuracy 0.0666666666667
DEBUG:root:training_words    0.0666666666667
DEBUG:root:[2017-12-19 21:59] Train Step 0501/3751848, Batch Size = 60, Examples/Sec = 80.99, Loss = 1187.66
DEBUG:root:565
DEBUG:root:validation_accuracy 0.16814159292
DEBUG:root:validation_words    0.180530973451
DEBUG:root:8
DEBUG:root:training_accuracy 0.25
DEBUG:root:training_words    0.25
DEBUG:root:[2017-12-19 22:00] Train Step 0601/3751848, Batch Size = 60, Examples/Sec = 80.58, Loss = 928.59
DEBUG:root:565
DEBUG:root:validation_accuracy 0.217699115044
DEBUG:root:validation_words    0.240707964602
DEBUG:root:9
DEBUG:root:training_accuracy 0.333333333333
DEBUG:root:training_words    0.333333333333
DEBUG:root:[2017-12-19 22:02] Train Step 0701/3751848, Batch Size = 60, Examples/Sec = 147.63, Loss = 132.12
DEBUG:root:565
DEBUG:root:validation_accuracy 0.256637168142
DEBUG:root:validation_words    0.258407079646
DEBUG:root:3
DEBUG:root:training_accuracy 0.333333333333
DEBUG:root:training_words    0.333333333333
DEBUG:root:[2017-12-19 22:03] Train Step 0801/3751848, Batch Size = 60, Examples/Sec = 73.54, Loss = 685.34
DEBUG:root:565
DEBUG:root:validation_accuracy 0.173451327434
DEBUG:root:validation_words    0.230088495575
DEBUG:root:50
DEBUG:root:training_accuracy 0.2
DEBUG:root:training_words    0.2
DEBUG:root:[2017-12-19 22:05] Train Step 0901/3751848, Batch Size = 60, Examples/Sec = 80.03, Loss = 868.76
DEBUG:root:565
DEBUG:root:validation_accuracy 0.246017699115
DEBUG:root:validation_words    0.249557522124
DEBUG:root:12
DEBUG:root:training_accuracy 0.166666666667
DEBUG:root:training_words    0.166666666667
DEBUG:root:[2017-12-19 22:06] Train Step 1001/3751848, Batch Size = 60, Examples/Sec = 84.64, Loss = 777.29
DEBUG:root:565
DEBUG:root:validation_accuracy 0.132743362832
DEBUG:root:validation_words    0.169911504425
DEBUG:root:10
DEBUG:root:training_accuracy 0.1
DEBUG:root:training_words    0.3
DEBUG:root:[2017-12-19 22:08] Train Step 1101/3751848, Batch Size = 60, Examples/Sec = 79.75, Loss = 108.93
DEBUG:root:565
DEBUG:root:validation_accuracy 0.228318584071
DEBUG:root:validation_words    0.261946902655
DEBUG:root:8
DEBUG:root:training_accuracy 0.5
DEBUG:root:training_words    0.5
DEBUG:root:[2017-12-19 22:09] Train Step 1201/3751848, Batch Size = 60, Examples/Sec = 77.84, Loss = 1320.73
DEBUG:root:565
DEBUG:root:validation_accuracy 0.145132743363
DEBUG:root:validation_words    0.176991150442
DEBUG:root:15
DEBUG:root:training_accuracy 0.333333333333
DEBUG:root:training_words    0.333333333333
DEBUG:root:[2017-12-19 22:11] Train Step 1301/3751848, Batch Size = 60, Examples/Sec = 82.32, Loss = 496.54
DEBUG:root:565
DEBUG:root:validation_accuracy 0.238938053097
DEBUG:root:validation_words    0.246017699115
DEBUG:root:12
DEBUG:root:training_accuracy 0.0833333333333
DEBUG:root:training_words    0.166666666667
DEBUG:root:[2017-12-19 22:12] Train Step 1401/3751848, Batch Size = 60, Examples/Sec = 82.56, Loss = 440.06
DEBUG:root:565
DEBUG:root:validation_accuracy 0.226548672566
DEBUG:root:validation_words    0.238938053097
DEBUG:root:18
DEBUG:root:training_accuracy 0.333333333333
DEBUG:root:training_words    0.333333333333
DEBUG:root:[2017-12-19 22:14] Train Step 1501/3751848, Batch Size = 60, Examples/Sec = 143.39, Loss = 764.41
DEBUG:root:565
DEBUG:root:validation_accuracy 0.191150442478
DEBUG:root:validation_words    0.240707964602
DEBUG:root:5
DEBUG:root:training_accuracy 0.0
DEBUG:root:training_words    0.2
DEBUG:root:[2017-12-19 22:15] Train Step 1601/3751848, Batch Size = 60, Examples/Sec = 142.36, Loss = 376.96
DEBUG:root:565
DEBUG:root:validation_accuracy 0.182300884956
DEBUG:root:validation_words    0.185840707965
DEBUG:root:4
DEBUG:root:training_accuracy 0.25
DEBUG:root:training_words    0.25
DEBUG:root:[2017-12-19 22:17] Train Step 1701/3751848, Batch Size = 60, Examples/Sec = 84.30, Loss = 217.91
DEBUG:root:565
DEBUG:root:validation_accuracy 0.238938053097
DEBUG:root:validation_words    0.249557522124
DEBUG:root:10
DEBUG:root:training_accuracy 0.2
DEBUG:root:training_words    0.2
DEBUG:root:[2017-12-19 22:19] Train Step 1801/3751848, Batch Size = 60, Examples/Sec = 79.08, Loss = 385.26
DEBUG:root:565
DEBUG:root:validation_accuracy 0.182300884956
DEBUG:root:validation_words    0.203539823009
DEBUG:root:22
DEBUG:root:training_accuracy 0.181818181818
DEBUG:root:training_words    0.272727272727
DEBUG:root:[2017-12-19 22:20] Train Step 1901/3751848, Batch Size = 60, Examples/Sec = 127.27, Loss = 396.22
DEBUG:root:565
DEBUG:root:validation_accuracy 0.244247787611
DEBUG:root:validation_words    0.270796460177
DEBUG:root:6
DEBUG:root:training_accuracy 0.166666666667
DEBUG:root:training_words    0.166666666667
DEBUG:root:[2017-12-19 22:22] Train Step 2001/3751848, Batch Size = 60, Examples/Sec = 127.78, Loss = 528.13
DEBUG:root:565
DEBUG:root:validation_accuracy 0.244247787611
DEBUG:root:validation_words    0.269026548673
DEBUG:root:4
DEBUG:root:training_accuracy 0.25
DEBUG:root:training_words    0.25
DEBUG:root:[2017-12-19 22:24] Train Step 2101/3751848, Batch Size = 60, Examples/Sec = 77.18, Loss = 399.90
DEBUG:root:565
DEBUG:root:validation_accuracy 0.254867256637
DEBUG:root:validation_words    0.265486725664
DEBUG:root:6
DEBUG:root:training_accuracy 0.333333333333
DEBUG:root:training_words    0.333333333333
DEBUG:root:[2017-12-19 22:26] Train Step 2201/3751848, Batch Size = 60, Examples/Sec = 70.87, Loss = 540.32
DEBUG:root:565
DEBUG:root:validation_accuracy 0.242477876106
DEBUG:root:validation_words    0.258407079646
DEBUG:root:40
DEBUG:root:training_accuracy 0.175
DEBUG:root:training_words    0.175
DEBUG:root:[2017-12-19 22:27] Train Step 2301/3751848, Batch Size = 60, Examples/Sec = 77.62, Loss = 303.37
DEBUG:root:565
DEBUG:root:validation_accuracy 0.145132743363
DEBUG:root:validation_words    0.145132743363
DEBUG:root:12
DEBUG:root:training_accuracy 0.416666666667
DEBUG:root:training_words    0.5
DEBUG:root:[2017-12-19 22:29] Train Step 2401/3751848, Batch Size = 60, Examples/Sec = 73.66, Loss = 95.83
DEBUG:root:565
DEBUG:root:validation_accuracy 0.205309734513
DEBUG:root:validation_words    0.238938053097
DEBUG:root:30
DEBUG:root:training_accuracy 0.0333333333333
DEBUG:root:training_words    0.0333333333333
DEBUG:root:[2017-12-19 22:31] Train Step 2501/3751848, Batch Size = 60, Examples/Sec = 73.52, Loss = 216.80
DEBUG:root:565
DEBUG:root:validation_accuracy 0.26017699115
DEBUG:root:validation_words    0.277876106195
DEBUG:root:26
DEBUG:root:training_accuracy 0.269230769231
DEBUG:root:training_words    0.346153846154
DEBUG:root:[2017-12-19 22:32] Train Step 2601/3751848, Batch Size = 60, Examples/Sec = 78.61, Loss = 43.30
DEBUG:root:565
DEBUG:root:validation_accuracy 0.238938053097
DEBUG:root:validation_words    0.247787610619
DEBUG:root:5
DEBUG:root:training_accuracy 0.6
DEBUG:root:training_words    0.6
DEBUG:root:[2017-12-19 22:34] Train Step 2701/3751848, Batch Size = 60, Examples/Sec = 77.82, Loss = 163.02
DEBUG:root:565
DEBUG:root:validation_accuracy 0.205309734513
DEBUG:root:validation_words    0.238938053097
DEBUG:root:8
DEBUG:root:training_accuracy 0.5
DEBUG:root:training_words    0.5
DEBUG:root:[2017-12-19 22:36] Train Step 2801/3751848, Batch Size = 60, Examples/Sec = 76.94, Loss = 191.11
DEBUG:root:565
DEBUG:root:validation_accuracy 0.196460176991
DEBUG:root:validation_words    0.230088495575
DEBUG:root:18
DEBUG:root:training_accuracy 0.277777777778
DEBUG:root:training_words    0.277777777778
DEBUG:root:[2017-12-19 22:38] Train Step 2901/3751848, Batch Size = 60, Examples/Sec = 142.44, Loss = 247.16
DEBUG:root:565
DEBUG:root:validation_accuracy 0.198230088496
DEBUG:root:validation_words    0.203539823009
DEBUG:root:6
DEBUG:root:training_accuracy 0.0
DEBUG:root:training_words    0.0
DEBUG:root:[2017-12-19 22:39] Train Step 3001/3751848, Batch Size = 60, Examples/Sec = 138.95, Loss = 153.45
DEBUG:root:565
DEBUG:root:validation_accuracy 0.208849557522
DEBUG:root:validation_words    0.212389380531
DEBUG:root:3
DEBUG:root:training_accuracy 0.333333333333
DEBUG:root:training_words    0.333333333333
DEBUG:root:[2017-12-19 22:42] Train Step 3101/3751848, Batch Size = 60, Examples/Sec = 132.11, Loss = 624.55
DEBUG:root:565
DEBUG:root:validation_accuracy 0.230088495575
DEBUG:root:validation_words    0.233628318584
DEBUG:root:4
DEBUG:root:training_accuracy 0.25
DEBUG:root:training_words    0.25
DEBUG:root:[2017-12-19 22:44] Train Step 3201/3751848, Batch Size = 60, Examples/Sec = 142.86, Loss = 259.17
DEBUG:root:565
DEBUG:root:validation_accuracy 0.143362831858
DEBUG:root:validation_words    0.175221238938
DEBUG:root:4
DEBUG:root:training_accuracy 0.0
DEBUG:root:training_words    0.0
DEBUG:root:[2017-12-19 22:46] Train Step 3301/3751848, Batch Size = 60, Examples/Sec = 78.29, Loss = 578.66
DEBUG:root:565
DEBUG:root:validation_accuracy 0.253097345133
DEBUG:root:validation_words    0.256637168142
DEBUG:root:8
DEBUG:root:training_accuracy 0.25
DEBUG:root:training_words    0.25
DEBUG:root:[2017-12-19 22:48] Train Step 3401/3751848, Batch Size = 60, Examples/Sec = 141.21, Loss = 159.71
DEBUG:root:565
DEBUG:root:validation_accuracy 0.166371681416
DEBUG:root:validation_words    0.242477876106
DEBUG:root:3
DEBUG:root:training_accuracy 0.666666666667
DEBUG:root:training_words    0.666666666667
DEBUG:root:[2017-12-19 22:49] Train Step 3501/3751848, Batch Size = 60, Examples/Sec = 82.97, Loss = 77.06
DEBUG:root:565
DEBUG:root:validation_accuracy 0.242477876106
DEBUG:root:validation_words    0.26017699115
DEBUG:root:9
DEBUG:root:training_accuracy 0.222222222222
DEBUG:root:training_words    0.222222222222
DEBUG:root:[2017-12-19 22:51] Train Step 3601/3751848, Batch Size = 60, Examples/Sec = 80.66, Loss = 97.33
DEBUG:root:565
DEBUG:root:validation_accuracy 0.242477876106
DEBUG:root:validation_words    0.246017699115
DEBUG:root:26
DEBUG:root:training_accuracy 0.115384615385
DEBUG:root:training_words    0.115384615385
DEBUG:root:[2017-12-19 22:53] Train Step 3701/3751848, Batch Size = 60, Examples/Sec = 77.88, Loss = 158.66
DEBUG:root:565
DEBUG:root:validation_accuracy 0.153982300885
DEBUG:root:validation_words    0.161061946903
DEBUG:root:9
DEBUG:root:training_accuracy 0.111111111111
DEBUG:root:training_words    0.111111111111
DEBUG:root:[2017-12-19 22:55] Train Step 3801/3751848, Batch Size = 60, Examples/Sec = 134.68, Loss = 51.90
DEBUG:root:565
DEBUG:root:validation_accuracy 0.191150442478
DEBUG:root:validation_words    0.210619469027
DEBUG:root:7
DEBUG:root:training_accuracy 0.142857142857
DEBUG:root:training_words    0.142857142857
DEBUG:root:[2017-12-19 22:57] Train Step 3901/3751848, Batch Size = 60, Examples/Sec = 140.80, Loss = 90.69
DEBUG:root:565
DEBUG:root:validation_accuracy 0.173451327434
DEBUG:root:validation_words    0.201769911504
DEBUG:root:4
DEBUG:root:training_accuracy 0.5
DEBUG:root:training_words    0.5
DEBUG:root:[2017-12-19 22:59] Train Step 4001/3751848, Batch Size = 60, Examples/Sec = 84.07, Loss = 177.27
DEBUG:root:565
DEBUG:root:validation_accuracy 0.136283185841
DEBUG:root:validation_words    0.161061946903
DEBUG:root:12
DEBUG:root:training_accuracy 0.166666666667
DEBUG:root:training_words    0.166666666667
DEBUG:root:[2017-12-19 23:02] Train Step 4101/3751848, Batch Size = 60, Examples/Sec = 83.88, Loss = 69.63
DEBUG:root:565
DEBUG:root:validation_accuracy 0.214159292035
DEBUG:root:validation_words    0.258407079646
DEBUG:root:9
DEBUG:root:training_accuracy 0.333333333333
DEBUG:root:training_words    0.333333333333
DEBUG:root:[2017-12-19 23:04] Train Step 4201/3751848, Batch Size = 60, Examples/Sec = 125.60, Loss = 343.46
DEBUG:root:565
DEBUG:root:validation_accuracy 0.182300884956
DEBUG:root:validation_words    0.198230088496
DEBUG:root:4
DEBUG:root:training_accuracy 0.25
DEBUG:root:training_words    0.25
DEBUG:root:[2017-12-19 23:06] Train Step 4301/3751848, Batch Size = 60, Examples/Sec = 80.77, Loss = 56.36
DEBUG:root:565
DEBUG:root:validation_accuracy 0.130973451327
DEBUG:root:validation_words    0.157522123894
DEBUG:root:6
DEBUG:root:training_accuracy 0.0
DEBUG:root:training_words    0.0
DEBUG:root:[2017-12-19 23:08] Train Step 4401/3751848, Batch Size = 60, Examples/Sec = 73.49, Loss = 27.23
DEBUG:root:565
DEBUG:root:validation_accuracy 0.26017699115
DEBUG:root:validation_words    0.270796460177
DEBUG:root:32
DEBUG:root:training_accuracy 0.5
DEBUG:root:training_words    0.5
DEBUG:root:[2017-12-19 23:10] Train Step 4501/3751848, Batch Size = 60, Examples/Sec = 71.87, Loss = 174.08
DEBUG:root:565
DEBUG:root:validation_accuracy 0.189380530973
DEBUG:root:validation_words    0.207079646018
DEBUG:root:43
DEBUG:root:training_accuracy 0.162790697674
DEBUG:root:training_words    0.186046511628
DEBUG:root:[2017-12-19 23:12] Train Step 4601/3751848, Batch Size = 60, Examples/Sec = 78.94, Loss = 175.15
DEBUG:root:565
DEBUG:root:validation_accuracy 0.129203539823
DEBUG:root:validation_words    0.13982300885
DEBUG:root:24
DEBUG:root:training_accuracy 0.125
DEBUG:root:training_words    0.125
DEBUG:root:[2017-12-19 23:14] Train Step 4701/3751848, Batch Size = 60, Examples/Sec = 80.09, Loss = 16.54
DEBUG:root:565
DEBUG:root:validation_accuracy 0.235398230088
DEBUG:root:validation_words    0.253097345133
DEBUG:root:8
DEBUG:root:training_accuracy 0.25
DEBUG:root:training_words    0.25
DEBUG:root:[2017-12-19 23:16] Train Step 4801/3751848, Batch Size = 60, Examples/Sec = 130.22, Loss = 274.08
DEBUG:root:565
DEBUG:root:validation_accuracy 0.10796460177
DEBUG:root:validation_words    0.141592920354
DEBUG:root:4
DEBUG:root:training_accuracy 0.0
DEBUG:root:training_words    0.0
DEBUG:root:[2017-12-19 23:19] Train Step 4901/3751848, Batch Size = 60, Examples/Sec = 73.46, Loss = 178.37
DEBUG:root:565
DEBUG:root:validation_accuracy 0.169911504425
DEBUG:root:validation_words    0.173451327434
DEBUG:root:33
DEBUG:root:training_accuracy 0.333333333333
DEBUG:root:training_words    0.333333333333
DEBUG:root:[2017-12-19 23:21] Train Step 5001/3751848, Batch Size = 60, Examples/Sec = 84.77, Loss = 57.06
DEBUG:root:565
DEBUG:root:validation_accuracy 0.23185840708
DEBUG:root:validation_words    0.261946902655
DEBUG:root:7
DEBUG:root:training_accuracy 0.142857142857
DEBUG:root:training_words    0.285714285714
DEBUG:root:[2017-12-19 23:24] Train Step 5101/3751848, Batch Size = 60, Examples/Sec = 143.30, Loss = 9.17
DEBUG:root:565
DEBUG:root:validation_accuracy 0.242477876106
DEBUG:root:validation_words    0.265486725664
DEBUG:root:3
DEBUG:root:training_accuracy 0.666666666667
DEBUG:root:training_words    0.666666666667
DEBUG:root:[2017-12-19 23:26] Train Step 5201/3751848, Batch Size = 60, Examples/Sec = 144.49, Loss = 51.94
DEBUG:root:565
DEBUG:root:validation_accuracy 0.2
DEBUG:root:validation_words    0.214159292035
DEBUG:root:4
DEBUG:root:training_accuracy 0.0
DEBUG:root:training_words    0.25
DEBUG:root:[2017-12-19 23:28] Train Step 5301/3751848, Batch Size = 60, Examples/Sec = 81.46, Loss = 90.17
DEBUG:root:565
DEBUG:root:validation_accuracy 0.111504424779
DEBUG:root:validation_words    0.127433628319
DEBUG:root:14
DEBUG:root:training_accuracy 0.214285714286
DEBUG:root:training_words    0.214285714286
DEBUG:root:[2017-12-19 23:31] Train Step 5401/3751848, Batch Size = 60, Examples/Sec = 124.43, Loss = 397.41
DEBUG:root:565
DEBUG:root:validation_accuracy 0.191150442478
DEBUG:root:validation_words    0.217699115044
DEBUG:root:6
DEBUG:root:training_accuracy 0.333333333333
DEBUG:root:training_words    0.333333333333
DEBUG:root:[2017-12-19 23:33] Train Step 5501/3751848, Batch Size = 60, Examples/Sec = 137.15, Loss = 15.97
DEBUG:root:565
DEBUG:root:validation_accuracy 0.26017699115
DEBUG:root:validation_words    0.263716814159
DEBUG:root:4
DEBUG:root:training_accuracy 0.25
DEBUG:root:training_words    0.75
DEBUG:root:[2017-12-19 23:35] Train Step 5601/3751848, Batch Size = 60, Examples/Sec = 137.23, Loss = 129.99
DEBUG:root:565
DEBUG:root:validation_accuracy 0.207079646018
DEBUG:root:validation_words    0.230088495575
DEBUG:root:3
DEBUG:root:training_accuracy 0.333333333333
DEBUG:root:training_words    0.333333333333
DEBUG:root:[2017-12-19 23:37] Train Step 5701/3751848, Batch Size = 60, Examples/Sec = 84.11, Loss = 46.85
DEBUG:root:565
DEBUG:root:validation_accuracy 0.221238938053
DEBUG:root:validation_words    0.240707964602
DEBUG:root:4
DEBUG:root:training_accuracy 0.0
DEBUG:root:training_words    0.0
DEBUG:root:[2017-12-19 23:39] Train Step 5801/3751848, Batch Size = 60, Examples/Sec = 138.88, Loss = 55.56
DEBUG:root:565
DEBUG:root:validation_accuracy 0.153982300885
DEBUG:root:validation_words    0.16814159292
DEBUG:root:5
DEBUG:root:training_accuracy 0.0
DEBUG:root:training_words    0.2
DEBUG:root:[2017-12-19 23:42] Train Step 5901/3751848, Batch Size = 60, Examples/Sec = 78.32, Loss = 96.60
DEBUG:root:565
DEBUG:root:validation_accuracy 0.145132743363
DEBUG:root:validation_words    0.235398230088
DEBUG:root:18
DEBUG:root:training_accuracy 0.111111111111
DEBUG:root:training_words    0.222222222222
DEBUG:root:[2017-12-19 23:44] Train Step 6001/3751848, Batch Size = 60, Examples/Sec = 68.53, Loss = 130.43
DEBUG:root:565
DEBUG:root:validation_accuracy 0.171681415929
DEBUG:root:validation_words    0.261946902655
DEBUG:root:80
DEBUG:root:training_accuracy 0.2375
DEBUG:root:training_words    0.2625
DEBUG:root:[2017-12-19 23:48] Train Step 6101/3751848, Batch Size = 60, Examples/Sec = 77.77, Loss = 66.59
DEBUG:root:565
DEBUG:root:validation_accuracy 0.122123893805
DEBUG:root:validation_words    0.152212389381
DEBUG:root:4
DEBUG:root:training_accuracy 0.0
DEBUG:root:training_words    0.0
DEBUG:root:[2017-12-19 23:50] Train Step 6201/3751848, Batch Size = 60, Examples/Sec = 130.23, Loss = 53.69
DEBUG:root:565
DEBUG:root:validation_accuracy 0.214159292035
DEBUG:root:validation_words    0.233628318584
DEBUG:root:3
DEBUG:root:training_accuracy 0.0
DEBUG:root:training_words    0.333333333333
DEBUG:root:[2017-12-19 23:53] Train Step 6301/3751848, Batch Size = 60, Examples/Sec = 78.82, Loss = 130.39
DEBUG:root:565
DEBUG:root:validation_accuracy 0.175221238938
DEBUG:root:validation_words    0.189380530973
DEBUG:root:15
DEBUG:root:training_accuracy 0.266666666667
DEBUG:root:training_words    0.266666666667
DEBUG:root:[2017-12-19 23:55] Train Step 6401/3751848, Batch Size = 60, Examples/Sec = 78.69, Loss = 34.58
DEBUG:root:565
DEBUG:root:validation_accuracy 0.185840707965
DEBUG:root:validation_words    0.191150442478
DEBUG:root:16
DEBUG:root:training_accuracy 0.125
DEBUG:root:training_words    0.125
DEBUG:root:[2017-12-19 23:57] Train Step 6501/3751848, Batch Size = 60, Examples/Sec = 134.08, Loss = 26.07
DEBUG:root:565
DEBUG:root:validation_accuracy 0.23185840708
DEBUG:root:validation_words    0.253097345133
DEBUG:root:5
DEBUG:root:training_accuracy 0.4
DEBUG:root:training_words    0.4
DEBUG:root:[2017-12-20 00:00] Train Step 6601/3751848, Batch Size = 60, Examples/Sec = 141.45, Loss = 43.28
DEBUG:root:565
DEBUG:root:validation_accuracy 0.192920353982
DEBUG:root:validation_words    0.226548672566
DEBUG:root:4
DEBUG:root:training_accuracy 0.25
DEBUG:root:training_words    0.5
DEBUG:root:[2017-12-20 00:02] Train Step 6701/3751848, Batch Size = 60, Examples/Sec = 82.11, Loss = 15.58
DEBUG:root:565
DEBUG:root:validation_accuracy 0.261946902655
DEBUG:root:validation_words    0.272566371681
DEBUG:root:12
DEBUG:root:training_accuracy 0.25
DEBUG:root:training_words    0.5
DEBUG:root:[2017-12-20 00:04] Train Step 6801/3751848, Batch Size = 60, Examples/Sec = 147.03, Loss = 46.00
DEBUG:root:565
DEBUG:root:validation_accuracy 0.265486725664
DEBUG:root:validation_words    0.267256637168
DEBUG:root:5
DEBUG:root:training_accuracy 0.2
DEBUG:root:training_words    0.2
DEBUG:root:[2017-12-20 00:07] Train Step 6901/3751848, Batch Size = 60, Examples/Sec = 73.79, Loss = 66.23
DEBUG:root:565
DEBUG:root:validation_accuracy 0.152212389381
DEBUG:root:validation_words    0.205309734513
DEBUG:root:41
DEBUG:root:training_accuracy 0.146341463415
DEBUG:root:training_words    0.243902439024
DEBUG:root:[2017-12-20 00:09] Train Step 7001/3751848, Batch Size = 60, Examples/Sec = 133.09, Loss = 20.15
DEBUG:root:565
DEBUG:root:validation_accuracy 0.201769911504
DEBUG:root:validation_words    0.214159292035
DEBUG:root:3
DEBUG:root:training_accuracy 0.333333333333
DEBUG:root:training_words    0.333333333333
DEBUG:root:[2017-12-20 00:14] Train Step 7101/3751848, Batch Size = 60, Examples/Sec = 63.75, Loss = 115.01
DEBUG:root:565
DEBUG:root:validation_accuracy 0.235398230088
DEBUG:root:validation_words    0.251327433628
DEBUG:root:149
DEBUG:root:training_accuracy 0.335570469799
DEBUG:root:training_words    0.389261744966
DEBUG:root:[2017-12-20 00:16] Train Step 7201/3751848, Batch Size = 60, Examples/Sec = 79.89, Loss = 9.46
DEBUG:root:565
DEBUG:root:validation_accuracy 0.258407079646
DEBUG:root:validation_words    0.261946902655
DEBUG:root:12
DEBUG:root:training_accuracy 0.5
DEBUG:root:training_words    0.5
DEBUG:root:[2017-12-20 00:19] Train Step 7301/3751848, Batch Size = 60, Examples/Sec = 126.26, Loss = 17.74
DEBUG:root:565
DEBUG:root:validation_accuracy 0.253097345133
DEBUG:root:validation_words    0.27610619469
DEBUG:root:3
DEBUG:root:training_accuracy 0.333333333333
DEBUG:root:training_words    0.333333333333
DEBUG:root:[2017-12-20 00:21] Train Step 7401/3751848, Batch Size = 60, Examples/Sec = 83.85, Loss = 27.76
DEBUG:root:565
DEBUG:root:validation_accuracy 0.132743362832
DEBUG:root:validation_words    0.224778761062
DEBUG:root:8
DEBUG:root:training_accuracy 0.25
DEBUG:root:training_words    0.25
DEBUG:root:[2017-12-20 00:24] Train Step 7501/3751848, Batch Size = 60, Examples/Sec = 131.67, Loss = 100.04
DEBUG:root:565
DEBUG:root:validation_accuracy 0.153982300885
DEBUG:root:validation_words    0.161061946903
DEBUG:root:4
DEBUG:root:training_accuracy 0.0
DEBUG:root:training_words    0.25
DEBUG:root:[2017-12-20 00:26] Train Step 7601/3751848, Batch Size = 60, Examples/Sec = 74.53, Loss = 25.42
DEBUG:root:565
DEBUG:root:validation_accuracy 0.175221238938
DEBUG:root:validation_words    0.205309734513
DEBUG:root:16
DEBUG:root:training_accuracy 0.0
DEBUG:root:training_words    0.0
DEBUG:root:[2017-12-20 00:29] Train Step 7701/3751848, Batch Size = 60, Examples/Sec = 78.57, Loss = 40.02
DEBUG:root:565
DEBUG:root:validation_accuracy 0.205309734513
DEBUG:root:validation_words    0.219469026549
DEBUG:root:4
DEBUG:root:training_accuracy 0.5
DEBUG:root:training_words    0.5
DEBUG:root:[2017-12-20 00:31] Train Step 7801/3751848, Batch Size = 60, Examples/Sec = 134.57, Loss = 72.43
DEBUG:root:565
DEBUG:root:validation_accuracy 0.102654867257
DEBUG:root:validation_words    0.146902654867
DEBUG:root:3
DEBUG:root:training_accuracy 0.333333333333
DEBUG:root:training_words    0.333333333333
DEBUG:root:[2017-12-20 00:34] Train Step 7901/3751848, Batch Size = 60, Examples/Sec = 135.21, Loss = 60.18
DEBUG:root:565
DEBUG:root:validation_accuracy 0.0849557522124
DEBUG:root:validation_words    0.0973451327434
DEBUG:root:4
DEBUG:root:training_accuracy 0.25
DEBUG:root:training_words    0.25
DEBUG:root:[2017-12-20 00:36] Train Step 8001/3751848, Batch Size = 60, Examples/Sec = 76.92, Loss = 70.47
DEBUG:root:565
DEBUG:root:validation_accuracy 0.166371681416
DEBUG:root:validation_words    0.182300884956
DEBUG:root:21
DEBUG:root:training_accuracy 0.142857142857
DEBUG:root:training_words    0.142857142857
DEBUG:root:[2017-12-20 00:41] Train Step 8101/3751848, Batch Size = 60, Examples/Sec = 148.22, Loss = 50.36
DEBUG:root:565
DEBUG:root:validation_accuracy 0.185840707965
DEBUG:root:validation_words    0.235398230088
DEBUG:root:5
DEBUG:root:training_accuracy 0.0
DEBUG:root:training_words    0.2
DEBUG:root:[2017-12-20 00:44] Train Step 8201/3751848, Batch Size = 60, Examples/Sec = 79.52, Loss = 147.89
DEBUG:root:565
DEBUG:root:validation_accuracy 0.233628318584
DEBUG:root:validation_words    0.242477876106
DEBUG:root:6
DEBUG:root:training_accuracy 0.5
DEBUG:root:training_words    0.5
DEBUG:root:[2017-12-20 00:46] Train Step 8301/3751848, Batch Size = 60, Examples/Sec = 82.75, Loss = 56.67
DEBUG:root:565
DEBUG:root:validation_accuracy 0.171681415929
DEBUG:root:validation_words    0.233628318584
DEBUG:root:21
DEBUG:root:training_accuracy 0.047619047619
DEBUG:root:training_words    0.190476190476
DEBUG:root:[2017-12-20 00:49] Train Step 8401/3751848, Batch Size = 60, Examples/Sec = 148.50, Loss = 4.57
DEBUG:root:565
DEBUG:root:validation_accuracy 0.235398230088
DEBUG:root:validation_words    0.263716814159
DEBUG:root:3
DEBUG:root:training_accuracy 0.666666666667
DEBUG:root:training_words    1.0
DEBUG:root:[2017-12-20 00:52] Train Step 8501/3751848, Batch Size = 60, Examples/Sec = 76.81, Loss = 30.06
DEBUG:root:565
DEBUG:root:validation_accuracy 0.169911504425
DEBUG:root:validation_words    0.228318584071
DEBUG:root:7
DEBUG:root:training_accuracy 0.285714285714
DEBUG:root:training_words    0.285714285714
DEBUG:root:[2017-12-20 00:55] Train Step 8601/3751848, Batch Size = 60, Examples/Sec = 77.72, Loss = 38.24
DEBUG:root:565
DEBUG:root:validation_accuracy 0.100884955752
DEBUG:root:validation_words    0.10796460177
DEBUG:root:13
DEBUG:root:training_accuracy 0.0769230769231
DEBUG:root:training_words    0.153846153846
DEBUG:root:[2017-12-20 00:57] Train Step 8701/3751848, Batch Size = 60, Examples/Sec = 129.91, Loss = 29.36
DEBUG:root:565
DEBUG:root:validation_accuracy 0.162831858407
DEBUG:root:validation_words    0.162831858407
DEBUG:root:5
DEBUG:root:training_accuracy 0.2
DEBUG:root:training_words    0.2
DEBUG:root:[2017-12-20 01:00] Train Step 8801/3751848, Batch Size = 60, Examples/Sec = 76.58, Loss = 33.69
DEBUG:root:565
DEBUG:root:validation_accuracy 0.145132743363
DEBUG:root:validation_words    0.171681415929
DEBUG:root:17
DEBUG:root:training_accuracy 0.235294117647
DEBUG:root:training_words    0.235294117647
DEBUG:root:[2017-12-20 01:03] Train Step 8901/3751848, Batch Size = 60, Examples/Sec = 82.15, Loss = 55.89
DEBUG:root:565
DEBUG:root:validation_accuracy 0.194690265487
DEBUG:root:validation_words    0.23185840708
DEBUG:root:13
DEBUG:root:training_accuracy 0.0769230769231
DEBUG:root:training_words    0.0769230769231
DEBUG:root:[2017-12-20 01:06] Train Step 9001/3751848, Batch Size = 60, Examples/Sec = 81.94, Loss = 41.77
DEBUG:root:565
DEBUG:root:validation_accuracy 0.161061946903
DEBUG:root:validation_words    0.196460176991
DEBUG:root:9
DEBUG:root:training_accuracy 0.333333333333
DEBUG:root:training_words    0.333333333333
DEBUG:root:[2017-12-20 01:11] Train Step 9101/3751848, Batch Size = 60, Examples/Sec = 73.57, Loss = 45.20
DEBUG:root:565
DEBUG:root:validation_accuracy 0.21592920354
DEBUG:root:validation_words    0.240707964602
DEBUG:root:20
DEBUG:root:training_accuracy 0.2
DEBUG:root:training_words    0.2
DEBUG:root:[2017-12-20 01:13] Train Step 9201/3751848, Batch Size = 60, Examples/Sec = 130.78, Loss = 47.54
DEBUG:root:565
DEBUG:root:validation_accuracy 0.185840707965
DEBUG:root:validation_words    0.26017699115
DEBUG:root:3
DEBUG:root:training_accuracy 0.333333333333
DEBUG:root:training_words    0.333333333333
DEBUG:root:[2017-12-20 01:16] Train Step 9301/3751848, Batch Size = 60, Examples/Sec = 63.42, Loss = 56.57
DEBUG:root:565
DEBUG:root:validation_accuracy 0.106194690265
DEBUG:root:validation_words    0.155752212389
DEBUG:root:146
DEBUG:root:training_accuracy 0.0616438356164
DEBUG:root:training_words    0.0684931506849
DEBUG:root:[2017-12-20 01:19] Train Step 9401/3751848, Batch Size = 60, Examples/Sec = 69.24, Loss = 49.18
DEBUG:root:565
DEBUG:root:validation_accuracy 0.116814159292
DEBUG:root:validation_words    0.237168141593
DEBUG:root:113
DEBUG:root:training_accuracy 0.0530973451327
DEBUG:root:training_words    0.176991150442
DEBUG:root:[2017-12-20 01:22] Train Step 9501/3751848, Batch Size = 60, Examples/Sec = 141.68, Loss = 30.80
DEBUG:root:565
DEBUG:root:validation_accuracy 0.208849557522
DEBUG:root:validation_words    0.214159292035
DEBUG:root:4
DEBUG:root:training_accuracy 0.25
DEBUG:root:training_words    0.25
DEBUG:root:[2017-12-20 01:25] Train Step 9601/3751848, Batch Size = 60, Examples/Sec = 139.45, Loss = 58.23
DEBUG:root:565
DEBUG:root:validation_accuracy 0.162831858407
DEBUG:root:validation_words    0.23185840708
DEBUG:root:6
DEBUG:root:training_accuracy 0.166666666667
DEBUG:root:training_words    0.166666666667
DEBUG:root:[2017-12-20 01:28] Train Step 9701/3751848, Batch Size = 60, Examples/Sec = 71.99, Loss = 45.23
DEBUG:root:565
DEBUG:root:validation_accuracy 0.141592920354
DEBUG:root:validation_words    0.153982300885
DEBUG:root:113
DEBUG:root:training_accuracy 0.0
DEBUG:root:training_words    0.150442477876
DEBUG:root:[2017-12-20 01:31] Train Step 9801/3751848, Batch Size = 60, Examples/Sec = 82.33, Loss = 23.18
DEBUG:root:565
DEBUG:root:validation_accuracy 0.228318584071
DEBUG:root:validation_words    0.23185840708
DEBUG:root:6
DEBUG:root:training_accuracy 0.0
DEBUG:root:training_words    0.0
DEBUG:root:[2017-12-20 01:34] Train Step 9901/3751848, Batch Size = 60, Examples/Sec = 144.11, Loss = 19.49
DEBUG:root:565
DEBUG:root:validation_accuracy 0.111504424779
DEBUG:root:validation_words    0.115044247788
DEBUG:root:2
DEBUG:root:training_accuracy 0.0
DEBUG:root:training_words    0.0
DEBUG:root:[2017-12-20 01:37] Train Step 10001/3751848, Batch Size = 60, Examples/Sec = 147.76, Loss = 38.16
DEBUG:root:565
DEBUG:root:validation_accuracy 0.127433628319
DEBUG:root:validation_words    0.138053097345
DEBUG:root:10
DEBUG:root:training_accuracy 0.1
DEBUG:root:training_words    0.1
DEBUG:root:[2017-12-20 01:42] Train Step 10101/3751848, Batch Size = 60, Examples/Sec = 135.46, Loss = 8.94
DEBUG:root:565
DEBUG:root:validation_accuracy 0.155752212389
DEBUG:root:validation_words    0.208849557522
DEBUG:root:4
DEBUG:root:training_accuracy 0.25
DEBUG:root:training_words    0.5
DEBUG:root:[2017-12-20 01:45] Train Step 10201/3751848, Batch Size = 60, Examples/Sec = 138.60, Loss = 31.73
DEBUG:root:565
DEBUG:root:validation_accuracy 0.0849557522124
DEBUG:root:validation_words    0.106194690265
DEBUG:root:3
DEBUG:root:training_accuracy 0.0
DEBUG:root:training_words    0.0
DEBUG:root:[2017-12-20 01:48] Train Step 10301/3751848, Batch Size = 60, Examples/Sec = 76.82, Loss = 70.22
DEBUG:root:565
DEBUG:root:validation_accuracy 0.161061946903
DEBUG:root:validation_words    0.187610619469
DEBUG:root:12
DEBUG:root:training_accuracy 0.333333333333
DEBUG:root:training_words    0.333333333333
DEBUG:root:[2017-12-20 01:51] Train Step 10401/3751848, Batch Size = 60, Examples/Sec = 77.21, Loss = 35.19
DEBUG:root:565
DEBUG:root:validation_accuracy 0.141592920354
DEBUG:root:validation_words    0.182300884956
DEBUG:root:16
DEBUG:root:training_accuracy 0.125
DEBUG:root:training_words    0.125
DEBUG:root:[2017-12-20 01:54] Train Step 10501/3751848, Batch Size = 60, Examples/Sec = 77.56, Loss = 42.65
DEBUG:root:565
DEBUG:root:validation_accuracy 0.166371681416
DEBUG:root:validation_words    0.258407079646
DEBUG:root:16
DEBUG:root:training_accuracy 0.125
DEBUG:root:training_words    0.1875
DEBUG:root:[2017-12-20 01:57] Train Step 10601/3751848, Batch Size = 60, Examples/Sec = 127.80, Loss = 36.75
DEBUG:root:565
DEBUG:root:validation_accuracy 0.196460176991
DEBUG:root:validation_words    0.223008849558
DEBUG:root:3
DEBUG:root:training_accuracy 0.333333333333
DEBUG:root:training_words    0.333333333333
DEBUG:root:[2017-12-20 02:00] Train Step 10701/3751848, Batch Size = 60, Examples/Sec = 72.26, Loss = 33.92
DEBUG:root:565
DEBUG:root:validation_accuracy 0.162831858407
DEBUG:root:validation_words    0.182300884956
DEBUG:root:88
DEBUG:root:training_accuracy 0.204545454545
DEBUG:root:training_words    0.295454545455
DEBUG:root:[2017-12-20 02:04] Train Step 10801/3751848, Batch Size = 60, Examples/Sec = 76.84, Loss = 61.18
DEBUG:root:565
DEBUG:root:validation_accuracy 0.0654867256637
DEBUG:root:validation_words    0.217699115044
DEBUG:root:6
DEBUG:root:training_accuracy 0.333333333333
DEBUG:root:training_words    0.333333333333
DEBUG:root:[2017-12-20 02:07] Train Step 10901/3751848, Batch Size = 60, Examples/Sec = 78.60, Loss = 27.03
DEBUG:root:565
DEBUG:root:validation_accuracy 0.201769911504
DEBUG:root:validation_words    0.272566371681
DEBUG:root:7
DEBUG:root:training_accuracy 0.285714285714
DEBUG:root:training_words    0.285714285714
DEBUG:root:[2017-12-20 02:10] Train Step 11001/3751848, Batch Size = 60, Examples/Sec = 146.28, Loss = 57.36
DEBUG:root:565
DEBUG:root:validation_accuracy 0.157522123894
DEBUG:root:validation_words    0.212389380531
DEBUG:root:8
DEBUG:root:training_accuracy 0.125
DEBUG:root:training_words    0.125
DEBUG:root:[2017-12-20 02:16] Train Step 11101/3751848, Batch Size = 60, Examples/Sec = 143.23, Loss = 24.32
DEBUG:root:565
DEBUG:root:validation_accuracy 0.118584070796
DEBUG:root:validation_words    0.155752212389
DEBUG:root:4
DEBUG:root:training_accuracy 0.25
DEBUG:root:training_words    0.25
DEBUG:root:[2017-12-20 02:19] Train Step 11201/3751848, Batch Size = 60, Examples/Sec = 83.04, Loss = 18.02
DEBUG:root:565
DEBUG:root:validation_accuracy 0.207079646018
DEBUG:root:validation_words    0.217699115044
DEBUG:root:11
DEBUG:root:training_accuracy 0.272727272727
DEBUG:root:training_words    0.272727272727
DEBUG:root:[2017-12-20 02:22] Train Step 11301/3751848, Batch Size = 60, Examples/Sec = 77.81, Loss = 28.00
DEBUG:root:565
DEBUG:root:validation_accuracy 0.201769911504
DEBUG:root:validation_words    0.235398230088
DEBUG:root:6
DEBUG:root:training_accuracy 0.166666666667
DEBUG:root:training_words    0.166666666667
DEBUG:root:[2017-12-20 02:25] Train Step 11401/3751848, Batch Size = 60, Examples/Sec = 84.18, Loss = 42.05
DEBUG:root:565
DEBUG:root:validation_accuracy 0.164601769912
DEBUG:root:validation_words    0.223008849558
DEBUG:root:10
DEBUG:root:training_accuracy 0.1
DEBUG:root:training_words    0.1
DEBUG:root:[2017-12-20 02:29] Train Step 11501/3751848, Batch Size = 60, Examples/Sec = 141.74, Loss = 11.40
DEBUG:root:565
DEBUG:root:validation_accuracy 0.201769911504
DEBUG:root:validation_words    0.219469026549
DEBUG:root:5
DEBUG:root:training_accuracy 0.2
DEBUG:root:training_words    0.6
DEBUG:root:[2017-12-20 02:32] Train Step 11601/3751848, Batch Size = 60, Examples/Sec = 73.86, Loss = 21.30
DEBUG:root:565
DEBUG:root:validation_accuracy 0.130973451327
DEBUG:root:validation_words    0.221238938053
DEBUG:root:26
DEBUG:root:training_accuracy 0.0
DEBUG:root:training_words    0.307692307692
DEBUG:root:[2017-12-20 02:35] Train Step 11701/3751848, Batch Size = 60, Examples/Sec = 76.35, Loss = 1.58
DEBUG:root:565
DEBUG:root:validation_accuracy 0.224778761062
DEBUG:root:validation_words    0.247787610619
DEBUG:root:21
DEBUG:root:training_accuracy 0.571428571429
DEBUG:root:training_words    0.571428571429
DEBUG:root:[2017-12-20 02:38] Train Step 11801/3751848, Batch Size = 60, Examples/Sec = 130.33, Loss = 14.18
DEBUG:root:565
DEBUG:root:validation_accuracy 0.0601769911504
DEBUG:root:validation_words    0.083185840708
DEBUG:root:3
DEBUG:root:training_accuracy 0.0
DEBUG:root:training_words    0.0
DEBUG:root:[2017-12-20 02:42] Train Step 11901/3751848, Batch Size = 60, Examples/Sec = 75.80, Loss = 29.67
DEBUG:root:565
DEBUG:root:validation_accuracy 0.205309734513
DEBUG:root:validation_words    0.235398230088
DEBUG:root:9
DEBUG:root:training_accuracy 0.0
DEBUG:root:training_words    0.0
DEBUG:root:[2017-12-20 02:45] Train Step 12001/3751848, Batch Size = 60, Examples/Sec = 77.68, Loss = 40.81
DEBUG:root:565
DEBUG:root:validation_accuracy 0.146902654867
DEBUG:root:validation_words    0.159292035398
DEBUG:root:23
DEBUG:root:training_accuracy 0.0434782608696
DEBUG:root:training_words    0.173913043478
DEBUG:root:[2017-12-20 02:51] Train Step 12101/3751848, Batch Size = 60, Examples/Sec = 142.40, Loss = 35.35
DEBUG:root:565
DEBUG:root:validation_accuracy 0.180530973451
DEBUG:root:validation_words    0.18407079646
DEBUG:root:2
DEBUG:root:training_accuracy 0.0
DEBUG:root:training_words    0.0
DEBUG:root:[2017-12-20 02:55] Train Step 12201/3751848, Batch Size = 60, Examples/Sec = 81.57, Loss = 27.97
DEBUG:root:565
DEBUG:root:validation_accuracy 0.198230088496
DEBUG:root:validation_words    0.238938053097
DEBUG:root:25
DEBUG:root:training_accuracy 0.08
DEBUG:root:training_words    0.2
DEBUG:root:[2017-12-20 02:58] Train Step 12301/3751848, Batch Size = 60, Examples/Sec = 77.00, Loss = 37.98
DEBUG:root:565
DEBUG:root:validation_accuracy 0.0513274336283
DEBUG:root:validation_words    0.0796460176991
DEBUG:root:10
DEBUG:root:training_accuracy 0.2
DEBUG:root:training_words    0.2
DEBUG:root:[2017-12-20 03:01] Train Step 12401/3751848, Batch Size = 60, Examples/Sec = 140.71, Loss = 7.05
DEBUG:root:565
DEBUG:root:validation_accuracy 0.221238938053
DEBUG:root:validation_words    0.277876106195
DEBUG:root:3
DEBUG:root:training_accuracy 0.333333333333
DEBUG:root:training_words    0.333333333333
DEBUG:root:[2017-12-20 03:05] Train Step 12501/3751848, Batch Size = 60, Examples/Sec = 77.03, Loss = 27.72
DEBUG:root:565
DEBUG:root:validation_accuracy 0.136283185841
DEBUG:root:validation_words    0.265486725664
DEBUG:root:8
DEBUG:root:training_accuracy 0.0
DEBUG:root:training_words    0.25
DEBUG:root:[2017-12-20 03:08] Train Step 12601/3751848, Batch Size = 60, Examples/Sec = 81.74, Loss = 29.62
DEBUG:root:565
DEBUG:root:validation_accuracy 0.159292035398
DEBUG:root:validation_words    0.192920353982
DEBUG:root:13
DEBUG:root:training_accuracy 0.153846153846
DEBUG:root:training_words    0.230769230769
DEBUG:root:[2017-12-20 03:11] Train Step 12701/3751848, Batch Size = 60, Examples/Sec = 78.49, Loss = 21.86
DEBUG:root:565
DEBUG:root:validation_accuracy 0.166371681416
DEBUG:root:validation_words    0.173451327434
DEBUG:root:30
DEBUG:root:training_accuracy 0.166666666667
DEBUG:root:training_words    0.233333333333
DEBUG:root:[2017-12-20 03:15] Train Step 12801/3751848, Batch Size = 60, Examples/Sec = 81.60, Loss = 41.94
DEBUG:root:565
DEBUG:root:validation_accuracy 0.185840707965
DEBUG:root:validation_words    0.203539823009
DEBUG:root:23
DEBUG:root:training_accuracy 0.130434782609
DEBUG:root:training_words    0.130434782609
DEBUG:root:[2017-12-20 03:18] Train Step 12901/3751848, Batch Size = 60, Examples/Sec = 77.77, Loss = 35.40
DEBUG:root:565
DEBUG:root:validation_accuracy 0.13982300885
DEBUG:root:validation_words    0.269026548673
DEBUG:root:17
DEBUG:root:training_accuracy 0.235294117647
DEBUG:root:training_words    0.352941176471
DEBUG:root:[2017-12-20 03:22] Train Step 13001/3751848, Batch Size = 60, Examples/Sec = 76.08, Loss = 30.12
DEBUG:root:565
DEBUG:root:validation_accuracy 0.046017699115
DEBUG:root:validation_words    0.0477876106195
DEBUG:root:15
DEBUG:root:training_accuracy 0.0666666666667
DEBUG:root:training_words    0.133333333333
DEBUG:root:[2017-12-20 03:28] Train Step 13101/3751848, Batch Size = 60, Examples/Sec = 76.57, Loss = 26.50
DEBUG:root:565
DEBUG:root:validation_accuracy 0.070796460177
DEBUG:root:validation_words    0.115044247788
DEBUG:root:22
DEBUG:root:training_accuracy 0.0454545454545
DEBUG:root:training_words    0.227272727273
DEBUG:root:[2017-12-20 03:32] Train Step 13201/3751848, Batch Size = 60, Examples/Sec = 77.73, Loss = 15.45
DEBUG:root:565
DEBUG:root:validation_accuracy 0.138053097345
DEBUG:root:validation_words    0.162831858407
DEBUG:root:20
DEBUG:root:training_accuracy 0.1
DEBUG:root:training_words    0.1
DEBUG:root:[2017-12-20 03:35] Train Step 13301/3751848, Batch Size = 60, Examples/Sec = 128.15, Loss = 8.74
DEBUG:root:565
DEBUG:root:validation_accuracy 0.18407079646
DEBUG:root:validation_words    0.235398230088
DEBUG:root:2
DEBUG:root:training_accuracy 0.5
DEBUG:root:training_words    0.5
DEBUG:root:[2017-12-20 03:39] Train Step 13401/3751848, Batch Size = 60, Examples/Sec = 84.56, Loss = 12.38
DEBUG:root:565
DEBUG:root:validation_accuracy 0.224778761062
DEBUG:root:validation_words    0.256637168142
DEBUG:root:4
DEBUG:root:training_accuracy 0.5
DEBUG:root:training_words    0.5
DEBUG:root:[2017-12-20 03:43] Train Step 13501/3751848, Batch Size = 60, Examples/Sec = 128.45, Loss = 8.31
DEBUG:root:565
DEBUG:root:validation_accuracy 0.240707964602
DEBUG:root:validation_words    0.251327433628
DEBUG:root:2
DEBUG:root:training_accuracy 0.5
DEBUG:root:training_words    0.5
DEBUG:root:[2017-12-20 03:46] Train Step 13601/3751848, Batch Size = 60, Examples/Sec = 82.24, Loss = 11.76
DEBUG:root:565
DEBUG:root:validation_accuracy 0.207079646018
DEBUG:root:validation_words    0.214159292035
DEBUG:root:4
DEBUG:root:training_accuracy 0.0
DEBUG:root:training_words    0.0
DEBUG:root:[2017-12-20 03:50] Train Step 13701/3751848, Batch Size = 60, Examples/Sec = 72.45, Loss = 17.86
DEBUG:root:565
DEBUG:root:validation_accuracy 0.21592920354
DEBUG:root:validation_words    0.217699115044
DEBUG:root:36
DEBUG:root:training_accuracy 0.222222222222
DEBUG:root:training_words    0.222222222222
DEBUG:root:[2017-12-20 03:54] Train Step 13801/3751848, Batch Size = 60, Examples/Sec = 80.94, Loss = 56.28
DEBUG:root:565
DEBUG:root:validation_accuracy 0.132743362832
DEBUG:root:validation_words    0.16814159292
DEBUG:root:35
DEBUG:root:training_accuracy 0.142857142857
DEBUG:root:training_words    0.142857142857
DEBUG:root:[2017-12-20 03:57] Train Step 13901/3751848, Batch Size = 60, Examples/Sec = 79.43, Loss = 7.73
DEBUG:root:565
DEBUG:root:validation_accuracy 0.106194690265
DEBUG:root:validation_words    0.132743362832
DEBUG:root:8
DEBUG:root:training_accuracy 0.25
DEBUG:root:training_words    0.25
DEBUG:root:[2017-12-20 04:01] Train Step 14001/3751848, Batch Size = 60, Examples/Sec = 143.77, Loss = 10.68
DEBUG:root:565
DEBUG:root:validation_accuracy 0.180530973451
DEBUG:root:validation_words    0.214159292035
DEBUG:root:4
DEBUG:root:training_accuracy 0.5
DEBUG:root:training_words    0.5
DEBUG:root:[2017-12-20 04:08] Train Step 14101/3751848, Batch Size = 60, Examples/Sec = 78.86, Loss = 32.28
DEBUG:root:565
DEBUG:root:validation_accuracy 0.203539823009
DEBUG:root:validation_words    0.205309734513
DEBUG:root:15
DEBUG:root:training_accuracy 0.133333333333
DEBUG:root:training_words    0.2
DEBUG:root:[2017-12-20 04:12] Train Step 14201/3751848, Batch Size = 60, Examples/Sec = 79.60, Loss = 17.32
DEBUG:root:565
DEBUG:root:validation_accuracy 0.214159292035
DEBUG:root:validation_words    0.226548672566
DEBUG:root:8
DEBUG:root:training_accuracy 0.5
DEBUG:root:training_words    0.5
DEBUG:root:[2017-12-20 04:16] Train Step 14301/3751848, Batch Size = 60, Examples/Sec = 147.25, Loss = 3.85
DEBUG:root:565
DEBUG:root:validation_accuracy 0.217699115044
DEBUG:root:validation_words    0.238938053097
DEBUG:root:3
DEBUG:root:training_accuracy 0.666666666667
DEBUG:root:training_words    0.666666666667
DEBUG:root:[2017-12-20 04:20] Train Step 14401/3751848, Batch Size = 60, Examples/Sec = 131.77, Loss = 30.59
DEBUG:root:565
DEBUG:root:validation_accuracy 0.0725663716814
DEBUG:root:validation_words    0.0814159292035
DEBUG:root:5
DEBUG:root:training_accuracy 0.0
DEBUG:root:training_words    0.2
DEBUG:root:[2017-12-20 04:24] Train Step 14501/3751848, Batch Size = 60, Examples/Sec = 78.05, Loss = 37.19
DEBUG:root:565
DEBUG:root:validation_accuracy 0.0849557522124
DEBUG:root:validation_words    0.0920353982301
DEBUG:root:29
DEBUG:root:training_accuracy 0.0689655172414
DEBUG:root:training_words    0.0689655172414
DEBUG:root:[2017-12-20 04:28] Train Step 14601/3751848, Batch Size = 60, Examples/Sec = 146.88, Loss = 34.05
DEBUG:root:565
DEBUG:root:validation_accuracy 0.157522123894
DEBUG:root:validation_words    0.272566371681
DEBUG:root:4
DEBUG:root:training_accuracy 0.25
DEBUG:root:training_words    0.25
DEBUG:root:[2017-12-20 04:32] Train Step 14701/3751848, Batch Size = 60, Examples/Sec = 132.38, Loss = 43.32
DEBUG:root:565
DEBUG:root:validation_accuracy 0.187610619469
DEBUG:root:validation_words    0.2
DEBUG:root:3
DEBUG:root:training_accuracy 0.0
DEBUG:root:training_words    0.0
DEBUG:root:[2017-12-20 04:36] Train Step 14801/3751848, Batch Size = 60, Examples/Sec = 125.74, Loss = 29.13
DEBUG:root:565
DEBUG:root:validation_accuracy 0.0902654867257
DEBUG:root:validation_words    0.0955752212389
DEBUG:root:4
DEBUG:root:training_accuracy 0.25
DEBUG:root:training_words    0.25
DEBUG:root:[2017-12-20 04:40] Train Step 14901/3751848, Batch Size = 60, Examples/Sec = 131.05, Loss = 12.42
DEBUG:root:565
DEBUG:root:validation_accuracy 0.148672566372
DEBUG:root:validation_words    0.153982300885
DEBUG:root:2
DEBUG:root:training_accuracy 0.5
DEBUG:root:training_words    0.5
DEBUG:root:[2017-12-20 04:44] Train Step 15001/3751848, Batch Size = 60, Examples/Sec = 80.74, Loss = 42.64
DEBUG:root:565
DEBUG:root:validation_accuracy 0.138053097345
DEBUG:root:validation_words    0.249557522124
DEBUG:root:24
DEBUG:root:training_accuracy 0.166666666667
DEBUG:root:training_words    0.166666666667
DEBUG:root:[2017-12-20 04:52] Train Step 15101/3751848, Batch Size = 60, Examples/Sec = 79.86, Loss = 23.45
DEBUG:root:565
DEBUG:root:validation_accuracy 0.109734513274
DEBUG:root:validation_words    0.13982300885
DEBUG:root:26
DEBUG:root:training_accuracy 0.269230769231
DEBUG:root:training_words    0.269230769231
DEBUG:root:[2017-12-20 04:56] Train Step 15201/3751848, Batch Size = 60, Examples/Sec = 75.49, Loss = 14.56
DEBUG:root:565
DEBUG:root:validation_accuracy 0.251327433628
DEBUG:root:validation_words    0.27610619469
DEBUG:root:12
DEBUG:root:training_accuracy 0.333333333333
DEBUG:root:training_words    0.333333333333
DEBUG:root:[2017-12-20 05:00] Train Step 15301/3751848, Batch Size = 60, Examples/Sec = 77.20, Loss = 21.25
DEBUG:root:565
DEBUG:root:validation_accuracy 0.120353982301
DEBUG:root:validation_words    0.189380530973
DEBUG:root:8
DEBUG:root:training_accuracy 0.0
DEBUG:root:training_words    0.125
DEBUG:root:[2017-12-20 05:04] Train Step 15401/3751848, Batch Size = 60, Examples/Sec = 138.37, Loss = 16.82
DEBUG:root:565
DEBUG:root:validation_accuracy 0.145132743363
DEBUG:root:validation_words    0.148672566372
DEBUG:root:3
DEBUG:root:training_accuracy 0.0
DEBUG:root:training_words    0.333333333333
DEBUG:root:[2017-12-20 05:08] Train Step 15501/3751848, Batch Size = 60, Examples/Sec = 73.05, Loss = 28.42
DEBUG:root:565
DEBUG:root:validation_accuracy 0.238938053097
DEBUG:root:validation_words    0.29203539823
DEBUG:root:36
DEBUG:root:training_accuracy 0.25
DEBUG:root:training_words    0.277777777778
DEBUG:root:[2017-12-20 05:13] Train Step 15601/3751848, Batch Size = 60, Examples/Sec = 135.59, Loss = 13.32
DEBUG:root:565
DEBUG:root:validation_accuracy 0.238938053097
DEBUG:root:validation_words    0.247787610619
DEBUG:root:3
DEBUG:root:training_accuracy 0.333333333333
DEBUG:root:training_words    0.333333333333
DEBUG:root:[2017-12-20 05:17] Train Step 15701/3751848, Batch Size = 60, Examples/Sec = 148.07, Loss = 16.33
DEBUG:root:565
DEBUG:root:validation_accuracy 0.207079646018
DEBUG:root:validation_words    0.240707964602
DEBUG:root:5
DEBUG:root:training_accuracy 0.2
DEBUG:root:training_words    0.2
DEBUG:root:[2017-12-20 05:21] Train Step 15801/3751848, Batch Size = 60, Examples/Sec = 76.23, Loss = 27.71
DEBUG:root:565
DEBUG:root:validation_accuracy 0.0477876106195
DEBUG:root:validation_words    0.0778761061947
DEBUG:root:12
DEBUG:root:training_accuracy 0.0
DEBUG:root:training_words    0.0
DEBUG:root:[2017-12-20 05:25] Train Step 15901/3751848, Batch Size = 60, Examples/Sec = 79.84, Loss = 23.76
DEBUG:root:565
DEBUG:root:validation_accuracy 0.267256637168
DEBUG:root:validation_words    0.269026548673
DEBUG:root:12
DEBUG:root:training_accuracy 0.25
DEBUG:root:training_words    0.25
DEBUG:root:[2017-12-20 05:30] Train Step 16001/3751848, Batch Size = 60, Examples/Sec = 128.40, Loss = 5.25
DEBUG:root:565
DEBUG:root:validation_accuracy 0.109734513274
DEBUG:root:validation_words    0.173451327434
DEBUG:root:4
DEBUG:root:training_accuracy 0.5
DEBUG:root:training_words    0.5
DEBUG:root:[2017-12-20 05:38] Train Step 16101/3751848, Batch Size = 60, Examples/Sec = 128.77, Loss = 15.25
DEBUG:root:565
DEBUG:root:validation_accuracy 0.198230088496
DEBUG:root:validation_words    0.198230088496
DEBUG:root:2
DEBUG:root:training_accuracy 0.0
DEBUG:root:training_words    0.0
DEBUG:root:[2017-12-20 05:42] Train Step 16201/3751848, Batch Size = 60, Examples/Sec = 79.88, Loss = 25.26
DEBUG:root:565
DEBUG:root:validation_accuracy 0.145132743363
DEBUG:root:validation_words    0.150442477876
DEBUG:root:17
DEBUG:root:training_accuracy 0.176470588235
DEBUG:root:training_words    0.235294117647
DEBUG:root:[2017-12-20 05:47] Train Step 16301/3751848, Batch Size = 60, Examples/Sec = 75.50, Loss = 20.16
DEBUG:root:565
DEBUG:root:validation_accuracy 0.244247787611
DEBUG:root:validation_words    0.249557522124
DEBUG:root:14
DEBUG:root:training_accuracy 0.285714285714
DEBUG:root:training_words    0.285714285714
DEBUG:root:[2017-12-20 05:51] Train Step 16401/3751848, Batch Size = 60, Examples/Sec = 132.96, Loss = 22.81
DEBUG:root:565
DEBUG:root:validation_accuracy 0.203539823009
DEBUG:root:validation_words    0.233628318584
DEBUG:root:5
DEBUG:root:training_accuracy 0.2
DEBUG:root:training_words    0.4
DEBUG:root:[2017-12-20 05:56] Train Step 16501/3751848, Batch Size = 60, Examples/Sec = 73.92, Loss = 39.53
DEBUG:root:565
DEBUG:root:validation_accuracy 0.281415929204
DEBUG:root:validation_words    0.29203539823
DEBUG:root:27
DEBUG:root:training_accuracy 0.259259259259
DEBUG:root:training_words    0.259259259259
DEBUG:root:[2017-12-20 06:00] Train Step 16601/3751848, Batch Size = 60, Examples/Sec = 146.35, Loss = 41.66
DEBUG:root:565
DEBUG:root:validation_accuracy 0.269026548673
DEBUG:root:validation_words    0.290265486726
DEBUG:root:3
DEBUG:root:training_accuracy 0.333333333333
DEBUG:root:training_words    0.333333333333
DEBUG:root:[2017-12-20 06:05] Train Step 16701/3751848, Batch Size = 60, Examples/Sec = 77.79, Loss = 17.66
DEBUG:root:565
DEBUG:root:validation_accuracy 0.161061946903
DEBUG:root:validation_words    0.171681415929
DEBUG:root:10
DEBUG:root:training_accuracy 0.2
DEBUG:root:training_words    0.2
DEBUG:root:[2017-12-20 06:09] Train Step 16801/3751848, Batch Size = 60, Examples/Sec = 77.38, Loss = 29.77
DEBUG:root:565
DEBUG:root:validation_accuracy 0.161061946903
DEBUG:root:validation_words    0.182300884956
DEBUG:root:12
DEBUG:root:training_accuracy 0.0
DEBUG:root:training_words    0.0
DEBUG:root:[2017-12-20 06:14] Train Step 16901/3751848, Batch Size = 60, Examples/Sec = 77.72, Loss = 18.07
DEBUG:root:565
DEBUG:root:validation_accuracy 0.269026548673
DEBUG:root:validation_words    0.288495575221
DEBUG:root:7
DEBUG:root:training_accuracy 0.285714285714
DEBUG:root:training_words    0.285714285714
DEBUG:root:[2017-12-20 06:19] Train Step 17001/3751848, Batch Size = 60, Examples/Sec = 79.58, Loss = 24.21
DEBUG:root:565
DEBUG:root:validation_accuracy 0.274336283186
DEBUG:root:validation_words    0.281415929204
DEBUG:root:8
DEBUG:root:training_accuracy 0.25
DEBUG:root:training_words    0.25
DEBUG:root:[2017-12-20 06:28] Train Step 17101/3751848, Batch Size = 60, Examples/Sec = 147.27, Loss = 7.38
DEBUG:root:565
DEBUG:root:validation_accuracy 0.246017699115
DEBUG:root:validation_words    0.272566371681
DEBUG:root:4
DEBUG:root:training_accuracy 0.25
DEBUG:root:training_words    0.25
DEBUG:root:[2017-12-20 06:33] Train Step 17201/3751848, Batch Size = 60, Examples/Sec = 141.84, Loss = 15.44
DEBUG:root:565
DEBUG:root:validation_accuracy 0.0849557522124
DEBUG:root:validation_words    0.146902654867
DEBUG:root:2
DEBUG:root:training_accuracy 0.5
DEBUG:root:training_words    0.5
DEBUG:root:[2017-12-20 06:37] Train Step 17301/3751848, Batch Size = 60, Examples/Sec = 77.52, Loss = 26.87
DEBUG:root:565
DEBUG:root:validation_accuracy 0.115044247788
DEBUG:root:validation_words    0.115044247788
DEBUG:root:18
DEBUG:root:training_accuracy 0.0
DEBUG:root:training_words    0.0
DEBUG:root:[2017-12-20 06:42] Train Step 17401/3751848, Batch Size = 60, Examples/Sec = 130.88, Loss = 18.22
DEBUG:root:565
DEBUG:root:validation_accuracy 0.100884955752
DEBUG:root:validation_words    0.129203539823
DEBUG:root:2
DEBUG:root:training_accuracy 0.0
DEBUG:root:training_words    0.0
DEBUG:root:[2017-12-20 06:47] Train Step 17501/3751848, Batch Size = 60, Examples/Sec = 77.79, Loss = 29.48
DEBUG:root:565
DEBUG:root:validation_accuracy 0.221238938053
DEBUG:root:validation_words    0.23185840708
DEBUG:root:10
DEBUG:root:training_accuracy 0.2
DEBUG:root:training_words    0.2
DEBUG:root:[2017-12-20 06:52] Train Step 17601/3751848, Batch Size = 60, Examples/Sec = 136.17, Loss = 38.37
DEBUG:root:565
DEBUG:root:validation_accuracy 0.198230088496
DEBUG:root:validation_words    0.270796460177
DEBUG:root:7
DEBUG:root:training_accuracy 0.142857142857
DEBUG:root:training_words    0.142857142857
DEBUG:root:[2017-12-20 06:57] Train Step 17701/3751848, Batch Size = 60, Examples/Sec = 145.35, Loss = 37.91
DEBUG:root:565
DEBUG:root:validation_accuracy 0.246017699115
DEBUG:root:validation_words    0.283185840708
DEBUG:root:4
DEBUG:root:training_accuracy 0.25
DEBUG:root:training_words    0.25
DEBUG:root:[2017-12-20 07:02] Train Step 17801/3751848, Batch Size = 60, Examples/Sec = 142.98, Loss = 10.02
DEBUG:root:565
DEBUG:root:validation_accuracy 0.169911504425
DEBUG:root:validation_words    0.237168141593
DEBUG:root:2
DEBUG:root:training_accuracy 0.0
DEBUG:root:training_words    0.0
DEBUG:root:[2017-12-20 07:07] Train Step 17901/3751848, Batch Size = 60, Examples/Sec = 124.22, Loss = 16.28
DEBUG:root:565
DEBUG:root:validation_accuracy 0.194690265487
DEBUG:root:validation_words    0.223008849558
DEBUG:root:3
DEBUG:root:training_accuracy 0.0
DEBUG:root:training_words    0.0
DEBUG:root:[2017-12-20 07:12] Train Step 18001/3751848, Batch Size = 60, Examples/Sec = 141.55, Loss = 7.14
DEBUG:root:565
DEBUG:root:validation_accuracy 0.198230088496
DEBUG:root:validation_words    0.267256637168
DEBUG:root:3
DEBUG:root:training_accuracy 0.333333333333
DEBUG:root:training_words    0.333333333333
DEBUG:root:[2017-12-20 07:22] Train Step 18101/3751848, Batch Size = 60, Examples/Sec = 127.51, Loss = 20.01
DEBUG:root:565
DEBUG:root:validation_accuracy 0.143362831858
DEBUG:root:validation_words    0.207079646018
DEBUG:root:3
DEBUG:root:training_accuracy 0.0
DEBUG:root:training_words    0.0
DEBUG:root:[2017-12-20 07:27] Train Step 18201/3751848, Batch Size = 60, Examples/Sec = 83.40, Loss = 20.59
DEBUG:root:565
DEBUG:root:validation_accuracy 0.223008849558
DEBUG:root:validation_words    0.249557522124
DEBUG:root:14
DEBUG:root:training_accuracy 0.214285714286
DEBUG:root:training_words    0.285714285714
DEBUG:root:[2017-12-20 07:32] Train Step 18301/3751848, Batch Size = 60, Examples/Sec = 80.04, Loss = 33.26
DEBUG:root:565
DEBUG:root:validation_accuracy 0.253097345133
DEBUG:root:validation_words    0.26017699115
DEBUG:root:15
DEBUG:root:training_accuracy 0.333333333333
DEBUG:root:training_words    0.333333333333
DEBUG:root:[2017-12-20 07:37] Train Step 18401/3751848, Batch Size = 60, Examples/Sec = 78.25, Loss = 33.31
DEBUG:root:565
DEBUG:root:validation_accuracy 0.0530973451327
DEBUG:root:validation_words    0.129203539823
DEBUG:root:19
DEBUG:root:training_accuracy 0.105263157895
DEBUG:root:training_words    0.105263157895
DEBUG:root:[2017-12-20 07:42] Train Step 18501/3751848, Batch Size = 60, Examples/Sec = 132.81, Loss = 22.19
DEBUG:root:565
DEBUG:root:validation_accuracy 0.169911504425
DEBUG:root:validation_words    0.173451327434
DEBUG:root:4
DEBUG:root:training_accuracy 0.25
DEBUG:root:training_words    0.25
DEBUG:root:[2017-12-20 07:47] Train Step 18601/3751848, Batch Size = 60, Examples/Sec = 78.24, Loss = 23.78
DEBUG:root:565
DEBUG:root:validation_accuracy 0.27610619469
DEBUG:root:validation_words    0.284955752212
DEBUG:root:12
DEBUG:root:training_accuracy 0.25
DEBUG:root:training_words    0.25
DEBUG:root:[2017-12-20 07:53] Train Step 18701/3751848, Batch Size = 60, Examples/Sec = 76.27, Loss = 20.12
DEBUG:root:565
DEBUG:root:validation_accuracy 0.141592920354
DEBUG:root:validation_words    0.157522123894
DEBUG:root:6
DEBUG:root:training_accuracy 0.166666666667
DEBUG:root:training_words    0.166666666667
DEBUG:root:[2017-12-20 07:58] Train Step 18801/3751848, Batch Size = 60, Examples/Sec = 84.04, Loss = 17.88
DEBUG:root:565
DEBUG:root:validation_accuracy 0.118584070796
DEBUG:root:validation_words    0.12389380531
DEBUG:root:15
DEBUG:root:training_accuracy 0.2
DEBUG:root:training_words    0.2
DEBUG:root:[2017-12-20 08:03] Train Step 18901/3751848, Batch Size = 60, Examples/Sec = 80.22, Loss = 10.81
DEBUG:root:565
DEBUG:root:validation_accuracy 0.226548672566
DEBUG:root:validation_words    0.233628318584
DEBUG:root:14
DEBUG:root:training_accuracy 0.142857142857
DEBUG:root:training_words    0.142857142857
DEBUG:root:[2017-12-20 08:08] Train Step 19001/3751848, Batch Size = 60, Examples/Sec = 138.86, Loss = 6.38
DEBUG:root:565
DEBUG:root:validation_accuracy 0.247787610619
DEBUG:root:validation_words    0.267256637168
DEBUG:root:3
DEBUG:root:training_accuracy 0.666666666667
DEBUG:root:training_words    0.666666666667
DEBUG:root:[2017-12-20 08:19] Train Step 19101/3751848, Batch Size = 60, Examples/Sec = 138.34, Loss = 35.64
DEBUG:root:565
DEBUG:root:validation_accuracy 0.226548672566
DEBUG:root:validation_words    0.242477876106
DEBUG:root:4
DEBUG:root:training_accuracy 0.25
DEBUG:root:training_words    0.25
DEBUG:root:[2017-12-20 08:24] Train Step 19201/3751848, Batch Size = 60, Examples/Sec = 127.43, Loss = 12.28
DEBUG:root:565
DEBUG:root:validation_accuracy 0.240707964602
DEBUG:root:validation_words    0.249557522124
DEBUG:root:5
DEBUG:root:training_accuracy 0.2
DEBUG:root:training_words    0.2
DEBUG:root:[2017-12-20 08:29] Train Step 19301/3751848, Batch Size = 60, Examples/Sec = 76.93, Loss = 28.97
DEBUG:root:565
DEBUG:root:validation_accuracy 0.267256637168
DEBUG:root:validation_words    0.284955752212
DEBUG:root:80
DEBUG:root:training_accuracy 0.0625
DEBUG:root:training_words    0.125
DEBUG:root:[2017-12-20 08:35] Train Step 19401/3751848, Batch Size = 60, Examples/Sec = 79.51, Loss = 22.75
DEBUG:root:565
DEBUG:root:validation_accuracy 0.267256637168
DEBUG:root:validation_words    0.283185840708
DEBUG:root:10
DEBUG:root:training_accuracy 0.3
DEBUG:root:training_words    0.3
DEBUG:root:[2017-12-20 08:40] Train Step 19501/3751848, Batch Size = 60, Examples/Sec = 84.24, Loss = 29.21
DEBUG:root:565
DEBUG:root:validation_accuracy 0.235398230088
DEBUG:root:validation_words    0.235398230088
DEBUG:root:10
DEBUG:root:training_accuracy 0.1
DEBUG:root:training_words    0.2
DEBUG:root:[2017-12-20 08:46] Train Step 19601/3751848, Batch Size = 60, Examples/Sec = 78.01, Loss = 19.93
DEBUG:root:565
DEBUG:root:validation_accuracy 0.162831858407
DEBUG:root:validation_words    0.189380530973
DEBUG:root:11
DEBUG:root:training_accuracy 0.272727272727
DEBUG:root:training_words    0.272727272727
DEBUG:root:[2017-12-20 08:51] Train Step 19701/3751848, Batch Size = 60, Examples/Sec = 82.45, Loss = 11.94
DEBUG:root:565
DEBUG:root:validation_accuracy 0.288495575221
DEBUG:root:validation_words    0.299115044248
DEBUG:root:13
DEBUG:root:training_accuracy 0.307692307692
DEBUG:root:training_words    0.461538461538
DEBUG:root:[2017-12-20 08:57] Train Step 19801/3751848, Batch Size = 60, Examples/Sec = 82.52, Loss = 39.16
DEBUG:root:565
DEBUG:root:validation_accuracy 0.226548672566
DEBUG:root:validation_words    0.244247787611
DEBUG:root:28
DEBUG:root:training_accuracy 0.142857142857
DEBUG:root:training_words    0.142857142857
DEBUG:root:[2017-12-20 09:02] Train Step 19901/3751848, Batch Size = 60, Examples/Sec = 135.08, Loss = 7.22
DEBUG:root:565
DEBUG:root:validation_accuracy 0.169911504425
DEBUG:root:validation_words    0.176991150442
DEBUG:root:4
DEBUG:root:training_accuracy 0.25
DEBUG:root:training_words    0.25
DEBUG:root:[2017-12-20 09:08] Train Step 20001/3751848, Batch Size = 60, Examples/Sec = 77.18, Loss = 20.67
DEBUG:root:565
DEBUG:root:validation_accuracy 0.27610619469
DEBUG:root:validation_words    0.283185840708
DEBUG:root:34
DEBUG:root:training_accuracy 0.205882352941
DEBUG:root:training_words    0.352941176471
DEBUG:root:[2017-12-20 09:19] Train Step 20101/3751848, Batch Size = 60, Examples/Sec = 146.55, Loss = 20.16
DEBUG:root:565
DEBUG:root:validation_accuracy 0.0884955752212
DEBUG:root:validation_words    0.104424778761
DEBUG:root:3
DEBUG:root:training_accuracy 0.0
DEBUG:root:training_words    0.0
DEBUG:root:[2017-12-20 09:25] Train Step 20201/3751848, Batch Size = 60, Examples/Sec = 76.14, Loss = 34.57
DEBUG:root:565
DEBUG:root:validation_accuracy 0.145132743363
DEBUG:root:validation_words    0.157522123894
DEBUG:root:22
DEBUG:root:training_accuracy 0.227272727273
DEBUG:root:training_words    0.227272727273
DEBUG:root:[2017-12-20 09:31] Train Step 20301/3751848, Batch Size = 60, Examples/Sec = 78.21, Loss = 33.38
DEBUG:root:565
DEBUG:root:validation_accuracy 0.0778761061947
DEBUG:root:validation_words    0.0938053097345
DEBUG:root:29
DEBUG:root:training_accuracy 0.206896551724
DEBUG:root:training_words    0.206896551724
DEBUG:root:[2017-12-20 09:36] Train Step 20401/3751848, Batch Size = 60, Examples/Sec = 83.96, Loss = 32.22
DEBUG:root:565
DEBUG:root:validation_accuracy 0.265486725664
DEBUG:root:validation_words    0.269026548673
DEBUG:root:15
DEBUG:root:training_accuracy 0.133333333333
DEBUG:root:training_words    0.133333333333
DEBUG:root:[2017-12-20 09:42] Train Step 20501/3751848, Batch Size = 60, Examples/Sec = 80.58, Loss = 59.61
DEBUG:root:565
DEBUG:root:validation_accuracy 0.0194690265487
DEBUG:root:validation_words    0.0212389380531
DEBUG:root:8
DEBUG:root:training_accuracy 0.25
DEBUG:root:training_words    0.25
DEBUG:root:[2017-12-20 09:48] Train Step 20601/3751848, Batch Size = 60, Examples/Sec = 79.92, Loss = 22.00
DEBUG:root:565
DEBUG:root:validation_accuracy 0.198230088496
DEBUG:root:validation_words    0.249557522124
DEBUG:root:20
DEBUG:root:training_accuracy 0.25
DEBUG:root:training_words    0.25
DEBUG:root:[2017-12-20 09:54] Train Step 20701/3751848, Batch Size = 60, Examples/Sec = 77.62, Loss = 16.97
DEBUG:root:565
DEBUG:root:validation_accuracy 0.214159292035
DEBUG:root:validation_words    0.242477876106
DEBUG:root:6
DEBUG:root:training_accuracy 0.166666666667
DEBUG:root:training_words    0.333333333333
DEBUG:root:[2017-12-20 10:00] Train Step 20801/3751848, Batch Size = 60, Examples/Sec = 77.57, Loss = 10.37
DEBUG:root:565
DEBUG:root:validation_accuracy 0.244247787611
DEBUG:root:validation_words    0.247787610619
DEBUG:root:4
DEBUG:root:training_accuracy 0.0
DEBUG:root:training_words    0.0
DEBUG:root:[2017-12-20 10:06] Train Step 20901/3751848, Batch Size = 60, Examples/Sec = 78.90, Loss = 10.04
DEBUG:root:565
DEBUG:root:validation_accuracy 0.263716814159
DEBUG:root:validation_words    0.281415929204
DEBUG:root:4
DEBUG:root:training_accuracy 0.0
DEBUG:root:training_words    0.0
DEBUG:root:[2017-12-20 10:12] Train Step 21001/3751848, Batch Size = 60, Examples/Sec = 78.70, Loss = 28.16
DEBUG:root:565
DEBUG:root:validation_accuracy 0.194690265487
DEBUG:root:validation_words    0.210619469027
DEBUG:root:21
DEBUG:root:training_accuracy 0.190476190476
DEBUG:root:training_words    0.190476190476
DEBUG:root:[2017-12-20 10:24] Train Step 21101/3751848, Batch Size = 60, Examples/Sec = 75.00, Loss = 25.79
DEBUG:root:565
DEBUG:root:validation_accuracy 0.235398230088
DEBUG:root:validation_words    0.237168141593
DEBUG:root:48
DEBUG:root:training_accuracy 0.0
DEBUG:root:training_words    0.0
DEBUG:root:[2017-12-20 10:30] Train Step 21201/3751848, Batch Size = 60, Examples/Sec = 133.06, Loss = 25.57
DEBUG:root:565
DEBUG:root:validation_accuracy 0.148672566372
DEBUG:root:validation_words    0.274336283186
DEBUG:root:3
DEBUG:root:training_accuracy 0.0
DEBUG:root:training_words    0.0
DEBUG:root:[2017-12-20 10:36] Train Step 21301/3751848, Batch Size = 60, Examples/Sec = 139.00, Loss = 20.80
DEBUG:root:565
DEBUG:root:validation_accuracy 0.217699115044
DEBUG:root:validation_words    0.217699115044
DEBUG:root:4
DEBUG:root:training_accuracy 0.25
DEBUG:root:training_words    0.5
DEBUG:root:[2017-12-20 10:42] Train Step 21401/3751848, Batch Size = 60, Examples/Sec = 75.05, Loss = 28.32
DEBUG:root:565
DEBUG:root:validation_accuracy 0.12389380531
DEBUG:root:validation_words    0.152212389381
DEBUG:root:40
DEBUG:root:training_accuracy 0.2
DEBUG:root:training_words    0.2
DEBUG:root:[2017-12-20 10:48] Train Step 21501/3751848, Batch Size = 60, Examples/Sec = 68.26, Loss = 71.12
DEBUG:root:565
DEBUG:root:validation_accuracy 0.127433628319
DEBUG:root:validation_words    0.265486725664
DEBUG:root:130
DEBUG:root:training_accuracy 0.2
DEBUG:root:training_words    0.2
DEBUG:root:[2017-12-20 10:54] Train Step 21601/3751848, Batch Size = 60, Examples/Sec = 124.00, Loss = 15.21
DEBUG:root:565
DEBUG:root:validation_accuracy 0.21592920354
DEBUG:root:validation_words    0.23185840708
DEBUG:root:2
DEBUG:root:training_accuracy 0.0
DEBUG:root:training_words    0.0
DEBUG:root:[2017-12-20 11:01] Train Step 21701/3751848, Batch Size = 60, Examples/Sec = 140.15, Loss = 16.80
DEBUG:root:565
DEBUG:root:validation_accuracy 0.138053097345
DEBUG:root:validation_words    0.138053097345
DEBUG:root:2
DEBUG:root:training_accuracy 0.0
DEBUG:root:training_words    0.0
DEBUG:root:[2017-12-20 11:08] Train Step 21801/3751848, Batch Size = 60, Examples/Sec = 141.31, Loss = 15.22
DEBUG:root:565
DEBUG:root:validation_accuracy 0.155752212389
DEBUG:root:validation_words    0.162831858407
DEBUG:root:2
DEBUG:root:training_accuracy 0.0
DEBUG:root:training_words    0.0
DEBUG:root:[2017-12-20 11:14] Train Step 21901/3751848, Batch Size = 60, Examples/Sec = 83.26, Loss = 9.19
DEBUG:root:565
DEBUG:root:validation_accuracy 0.272566371681
DEBUG:root:validation_words    0.27610619469
DEBUG:root:4
DEBUG:root:training_accuracy 0.5
DEBUG:root:training_words    0.5
DEBUG:root:[2017-12-20 11:20] Train Step 22001/3751848, Batch Size = 60, Examples/Sec = 75.67, Loss = 14.45
DEBUG:root:565
DEBUG:root:validation_accuracy 0.284955752212
DEBUG:root:validation_words    0.302654867257
DEBUG:root:23
DEBUG:root:training_accuracy 0.217391304348
DEBUG:root:training_words    0.217391304348
DEBUG:root:[2017-12-20 11:32] Train Step 22101/3751848, Batch Size = 60, Examples/Sec = 144.00, Loss = 12.49
DEBUG:root:565
DEBUG:root:validation_accuracy 0.254867256637
DEBUG:root:validation_words    0.290265486726
DEBUG:root:4
DEBUG:root:training_accuracy 0.0
DEBUG:root:training_words    0.25
DEBUG:root:[2017-12-20 11:39] Train Step 22201/3751848, Batch Size = 60, Examples/Sec = 79.65, Loss = 9.57
DEBUG:root:565
DEBUG:root:validation_accuracy 0.240707964602
DEBUG:root:validation_words    0.251327433628
DEBUG:root:4
DEBUG:root:training_accuracy 0.5
DEBUG:root:training_words    0.5
DEBUG:root:[2017-12-20 11:45] Train Step 22301/3751848, Batch Size = 60, Examples/Sec = 124.41, Loss = 5.73
DEBUG:root:565
DEBUG:root:validation_accuracy 0.269026548673
DEBUG:root:validation_words    0.279646017699
DEBUG:root:5
DEBUG:root:training_accuracy 0.4
DEBUG:root:training_words    0.8
DEBUG:root:[2017-12-20 11:52] Train Step 22401/3751848, Batch Size = 60, Examples/Sec = 76.61, Loss = 24.43
DEBUG:root:565
DEBUG:root:validation_accuracy 0.258407079646
DEBUG:root:validation_words    0.26017699115
DEBUG:root:8
DEBUG:root:training_accuracy 0.25
DEBUG:root:training_words    0.25
DEBUG:root:[2017-12-20 11:58] Train Step 22501/3751848, Batch Size = 60, Examples/Sec = 80.01, Loss = 31.02
DEBUG:root:565
DEBUG:root:validation_accuracy 0.145132743363
DEBUG:root:validation_words    0.178761061947
DEBUG:root:12
DEBUG:root:training_accuracy 0.166666666667
DEBUG:root:training_words    0.166666666667
DEBUG:root:[2017-12-20 12:05] Train Step 22601/3751848, Batch Size = 60, Examples/Sec = 82.21, Loss = 11.05
DEBUG:root:565
DEBUG:root:validation_accuracy 0.26017699115
DEBUG:root:validation_words    0.272566371681
DEBUG:root:11
DEBUG:root:training_accuracy 0.363636363636
DEBUG:root:training_words    0.363636363636
DEBUG:root:[2017-12-20 12:12] Train Step 22701/3751848, Batch Size = 60, Examples/Sec = 129.99, Loss = 26.36
DEBUG:root:565
DEBUG:root:validation_accuracy 0.26017699115
DEBUG:root:validation_words    0.270796460177
DEBUG:root:5
DEBUG:root:training_accuracy 0.2
DEBUG:root:training_words    0.2
DEBUG:root:[2017-12-20 12:18] Train Step 22801/3751848, Batch Size = 60, Examples/Sec = 77.18, Loss = 14.03
DEBUG:root:565
DEBUG:root:validation_accuracy 0.249557522124
DEBUG:root:validation_words    0.267256637168
DEBUG:root:6
DEBUG:root:training_accuracy 0.333333333333
DEBUG:root:training_words    0.333333333333
DEBUG:root:[2017-12-20 12:25] Train Step 22901/3751848, Batch Size = 60, Examples/Sec = 81.39, Loss = 9.39
DEBUG:root:565
DEBUG:root:validation_accuracy 0.0796460176991
DEBUG:root:validation_words    0.207079646018
DEBUG:root:6
DEBUG:root:training_accuracy 0.166666666667
DEBUG:root:training_words    0.333333333333
DEBUG:root:[2017-12-20 12:32] Train Step 23001/3751848, Batch Size = 60, Examples/Sec = 79.76, Loss = 29.32
DEBUG:root:565
DEBUG:root:validation_accuracy 0.277876106195
DEBUG:root:validation_words    0.295575221239
DEBUG:root:8
DEBUG:root:training_accuracy 0.25
DEBUG:root:training_words    0.25
DEBUG:root:[2017-12-20 12:45] Train Step 23101/3751848, Batch Size = 60, Examples/Sec = 136.74, Loss = 22.84
DEBUG:root:565
DEBUG:root:validation_accuracy 0.246017699115
DEBUG:root:validation_words    0.272566371681
DEBUG:root:4
DEBUG:root:training_accuracy 0.25
DEBUG:root:training_words    0.25
